{"C:\\Users\\TUF GAMING\\Hacktiv8\\phase2\\week3\\IP-RMT63\\Server\\app.js": {"path":"C:\\Users\\TUF GAMING\\Hacktiv8\\phase2\\week3\\IP-RMT63\\Server\\app.js","statementMap":{"0":{"start":{"line":1,"column":0},"end":{"line":1,"column":43}},"1":{"start":{"line":2,"column":0},"end":{"line":6,"column":1}},"2":{"start":{"line":5,"column":2},"end":{"line":5,"column":29}},"3":{"start":{"line":8,"column":16},"end":{"line":8,"column":34}},"4":{"start":{"line":9,"column":13},"end":{"line":9,"column":28}},"5":{"start":{"line":10,"column":12},"end":{"line":10,"column":21}},"6":{"start":{"line":11,"column":19},"end":{"line":11,"column":43}},"7":{"start":{"line":12,"column":21},"end":{"line":12,"column":47}},"8":{"start":{"line":13,"column":20},"end":{"line":13,"column":46}},"9":{"start":{"line":14,"column":22},"end":{"line":14,"column":50}},"10":{"start":{"line":15,"column":22},"end":{"line":15,"column":50}},"11":{"start":{"line":17,"column":17},"end":{"line":17,"column":39}},"12":{"start":{"line":19,"column":0},"end":{"line":19,"column":16}},"13":{"start":{"line":20,"column":0},"end":{"line":20,"column":49}},"14":{"start":{"line":23,"column":0},"end":{"line":26,"column":2}},"15":{"start":{"line":31,"column":0},"end":{"line":31,"column":24}},"16":{"start":{"line":34,"column":0},"end":{"line":34,"column":29}},"17":{"start":{"line":35,"column":0},"end":{"line":35,"column":33}},"18":{"start":{"line":37,"column":0},"end":{"line":37,"column":32}},"19":{"start":{"line":38,"column":0},"end":{"line":38,"column":36}},"20":{"start":{"line":39,"column":0},"end":{"line":39,"column":36}},"21":{"start":{"line":40,"column":0},"end":{"line":40,"column":25}},"22":{"start":{"line":41,"column":0},"end":{"line":41,"column":44}},"23":{"start":{"line":46,"column":0},"end":{"line":46,"column":21}}},"fnMap":{},"branchMap":{"0":{"loc":{"start":{"line":2,"column":0},"end":{"line":6,"column":1}},"type":"if","locations":[{"start":{"line":2,"column":0},"end":{"line":6,"column":1}},{"start":{},"end":{}}],"line":2}},"s":{"0":5,"1":5,"2":5,"3":5,"4":5,"5":5,"6":5,"7":5,"8":5,"9":5,"10":5,"11":5,"12":5,"13":5,"14":5,"15":5,"16":5,"17":5,"18":5,"19":5,"20":5,"21":5,"22":5,"23":5},"f":{},"b":{"0":[5,0]},"_coverageSchema":"1a1c01bbd47fc00a2c39e90264f33305004495a9","hash":"d5846ccda2d447fcfc0e94e19dc329159ee78475"}
,"C:\\Users\\TUF GAMING\\Hacktiv8\\phase2\\week3\\IP-RMT63\\Server\\config\\config.js": {"path":"C:\\Users\\TUF GAMING\\Hacktiv8\\phase2\\week3\\IP-RMT63\\Server\\config\\config.js","statementMap":{"0":{"start":{"line":1,"column":0},"end":{"line":1,"column":27}},"1":{"start":{"line":3,"column":0},"end":{"line":21,"column":2}}},"fnMap":{},"branchMap":{"0":{"loc":{"start":{"line":14,"column":14},"end":{"line":14,"column":57}},"type":"binary-expr","locations":[{"start":{"line":14,"column":14},"end":{"line":14,"column":38}},{"start":{"line":14,"column":42},"end":{"line":14,"column":57}}],"line":14}},"s":{"0":5,"1":5},"f":{},"b":{"0":[5,0]},"_coverageSchema":"1a1c01bbd47fc00a2c39e90264f33305004495a9","hash":"9a457a030312632b8ce22136e07fce95bfce6fa5"}
,"C:\\Users\\TUF GAMING\\Hacktiv8\\phase2\\week3\\IP-RMT63\\Server\\controllers\\authController.js": {"path":"C:\\Users\\TUF GAMING\\Hacktiv8\\phase2\\week3\\IP-RMT63\\Server\\controllers\\authController.js","statementMap":{"0":{"start":{"line":1,"column":28},"end":{"line":1,"column":56}},"1":{"start":{"line":2,"column":22},"end":{"line":2,"column":47}},"2":{"start":{"line":3,"column":17},"end":{"line":3,"column":37}},"3":{"start":{"line":5,"column":25},"end":{"line":5,"column":55}},"4":{"start":{"line":6,"column":15},"end":{"line":6,"column":61}},"5":{"start":{"line":8,"column":0},"end":{"line":108,"column":2}},"6":{"start":{"line":10,"column":4},"end":{"line":30,"column":5}},"7":{"start":{"line":11,"column":46},"end":{"line":11,"column":54}},"8":{"start":{"line":13,"column":22},"end":{"line":18,"column":8}},"9":{"start":{"line":19,"column":6},"end":{"line":27,"column":9}},"10":{"start":{"line":29,"column":6},"end":{"line":29,"column":16}},"11":{"start":{"line":34,"column":32},"end":{"line":34,"column":40}},"12":{"start":{"line":35,"column":4},"end":{"line":72,"column":5}},"13":{"start":{"line":36,"column":6},"end":{"line":38,"column":7}},"14":{"start":{"line":37,"column":8},"end":{"line":37,"column":67}},"15":{"start":{"line":39,"column":6},"end":{"line":41,"column":7}},"16":{"start":{"line":40,"column":8},"end":{"line":40,"column":70}},"17":{"start":{"line":42,"column":6},"end":{"line":47,"column":7}},"18":{"start":{"line":43,"column":8},"end":{"line":46,"column":10}},"19":{"start":{"line":48,"column":19},"end":{"line":48,"column":59}},"20":{"start":{"line":50,"column":6},"end":{"line":55,"column":7}},"21":{"start":{"line":51,"column":8},"end":{"line":54,"column":10}},"22":{"start":{"line":56,"column":30},"end":{"line":56,"column":70}},"23":{"start":{"line":57,"column":6},"end":{"line":59,"column":7}},"24":{"start":{"line":58,"column":8},"end":{"line":58,"column":77}},"25":{"start":{"line":60,"column":26},"end":{"line":60,"column":69}},"26":{"start":{"line":61,"column":6},"end":{"line":69,"column":9}},"27":{"start":{"line":71,"column":6},"end":{"line":71,"column":16}},"28":{"start":{"line":76,"column":25},"end":{"line":76,"column":33}},"29":{"start":{"line":77,"column":4},"end":{"line":106,"column":5}},"30":{"start":{"line":78,"column":21},"end":{"line":81,"column":8}},"31":{"start":{"line":82,"column":30},"end":{"line":82,"column":49}},"32":{"start":{"line":83,"column":6},"end":{"line":83,"column":54}},"33":{"start":{"line":84,"column":17},"end":{"line":84,"column":57}},"34":{"start":{"line":85,"column":6},"end":{"line":92,"column":7}},"35":{"start":{"line":86,"column":8},"end":{"line":91,"column":11}},"36":{"start":{"line":94,"column":27},"end":{"line":94,"column":70}},"37":{"start":{"line":95,"column":6},"end":{"line":103,"column":9}},"38":{"start":{"line":105,"column":6},"end":{"line":105,"column":16}}},"fnMap":{"0":{"name":"(anonymous_0)","decl":{"start":{"line":9,"column":2},"end":{"line":9,"column":3}},"loc":{"start":{"line":9,"column":40},"end":{"line":31,"column":3}},"line":9},"1":{"name":"(anonymous_1)","decl":{"start":{"line":33,"column":2},"end":{"line":33,"column":3}},"loc":{"start":{"line":33,"column":37},"end":{"line":73,"column":3}},"line":33},"2":{"name":"(anonymous_2)","decl":{"start":{"line":75,"column":2},"end":{"line":75,"column":3}},"loc":{"start":{"line":75,"column":43},"end":{"line":107,"column":3}},"line":75}},"branchMap":{"0":{"loc":{"start":{"line":17,"column":14},"end":{"line":17,"column":28}},"type":"binary-expr","locations":[{"start":{"line":17,"column":14},"end":{"line":17,"column":18}},{"start":{"line":17,"column":22},"end":{"line":17,"column":28}}],"line":17},"1":{"loc":{"start":{"line":36,"column":6},"end":{"line":38,"column":7}},"type":"if","locations":[{"start":{"line":36,"column":6},"end":{"line":38,"column":7}},{"start":{},"end":{}}],"line":36},"2":{"loc":{"start":{"line":39,"column":6},"end":{"line":41,"column":7}},"type":"if","locations":[{"start":{"line":39,"column":6},"end":{"line":41,"column":7}},{"start":{},"end":{}}],"line":39},"3":{"loc":{"start":{"line":42,"column":6},"end":{"line":47,"column":7}},"type":"if","locations":[{"start":{"line":42,"column":6},"end":{"line":47,"column":7}},{"start":{},"end":{}}],"line":42},"4":{"loc":{"start":{"line":42,"column":10},"end":{"line":42,"column":42}},"type":"binary-expr","locations":[{"start":{"line":42,"column":10},"end":{"line":42,"column":19}},{"start":{"line":42,"column":23},"end":{"line":42,"column":42}}],"line":42},"5":{"loc":{"start":{"line":50,"column":6},"end":{"line":55,"column":7}},"type":"if","locations":[{"start":{"line":50,"column":6},"end":{"line":55,"column":7}},{"start":{},"end":{}}],"line":50},"6":{"loc":{"start":{"line":57,"column":6},"end":{"line":59,"column":7}},"type":"if","locations":[{"start":{"line":57,"column":6},"end":{"line":59,"column":7}},{"start":{},"end":{}}],"line":57},"7":{"loc":{"start":{"line":85,"column":6},"end":{"line":92,"column":7}},"type":"if","locations":[{"start":{"line":85,"column":6},"end":{"line":92,"column":7}},{"start":{},"end":{}}],"line":85}},"s":{"0":5,"1":5,"2":5,"3":5,"4":5,"5":5,"6":11,"7":11,"8":11,"9":1,"10":10,"11":11,"12":11,"13":11,"14":3,"15":8,"16":2,"17":6,"18":1,"19":5,"20":4,"21":2,"22":2,"23":2,"24":1,"25":1,"26":1,"27":10,"28":3,"29":3,"30":3,"31":3,"32":3,"33":3,"34":2,"35":1,"36":2,"37":2,"38":1},"f":{"0":11,"1":11,"2":3},"b":{"0":[11,11],"1":[3,8],"2":[2,6],"3":[1,5],"4":[6,6],"5":[2,2],"6":[1,1],"7":[1,1]},"_coverageSchema":"1a1c01bbd47fc00a2c39e90264f33305004495a9","hash":"7fefbe1c63ae5eccd2e1a5ea7bd38bfa616c0409"}
,"C:\\Users\\TUF GAMING\\Hacktiv8\\phase2\\week3\\IP-RMT63\\Server\\controllers\\bookingController.js": {"path":"C:\\Users\\TUF GAMING\\Hacktiv8\\phase2\\week3\\IP-RMT63\\Server\\controllers\\bookingController.js","statementMap":{"0":{"start":{"line":1,"column":42},"end":{"line":1,"column":62}},"1":{"start":{"line":3,"column":0},"end":{"line":132,"column":2}},"2":{"start":{"line":6,"column":4},"end":{"line":24,"column":5}},"3":{"start":{"line":7,"column":21},"end":{"line":7,"column":32}},"4":{"start":{"line":8,"column":6},"end":{"line":8,"column":58}},"5":{"start":{"line":9,"column":23},"end":{"line":19,"column":8}},"6":{"start":{"line":20,"column":6},"end":{"line":20,"column":37}},"7":{"start":{"line":22,"column":6},"end":{"line":22,"column":52}},"8":{"start":{"line":23,"column":6},"end":{"line":23,"column":16}},"9":{"start":{"line":28,"column":4},"end":{"line":52,"column":5}},"10":{"start":{"line":29,"column":25},"end":{"line":29,"column":34}},"11":{"start":{"line":31,"column":22},"end":{"line":40,"column":7}},"12":{"start":{"line":43,"column":6},"end":{"line":46,"column":7}},"13":{"start":{"line":44,"column":8},"end":{"line":44,"column":35}},"14":{"start":{"line":45,"column":8},"end":{"line":45,"column":63}},"15":{"start":{"line":48,"column":23},"end":{"line":48,"column":53}},"16":{"start":{"line":49,"column":6},"end":{"line":49,"column":37}},"17":{"start":{"line":51,"column":6},"end":{"line":51,"column":16}},"18":{"start":{"line":56,"column":4},"end":{"line":69,"column":5}},"19":{"start":{"line":57,"column":21},"end":{"line":57,"column":32}},"20":{"start":{"line":58,"column":52},"end":{"line":58,"column":60}},"21":{"start":{"line":59,"column":22},"end":{"line":65,"column":8}},"22":{"start":{"line":66,"column":6},"end":{"line":66,"column":68}},"23":{"start":{"line":68,"column":6},"end":{"line":68,"column":16}},"24":{"start":{"line":73,"column":4},"end":{"line":96,"column":5}},"25":{"start":{"line":74,"column":21},"end":{"line":74,"column":31}},"26":{"start":{"line":75,"column":51},"end":{"line":75,"column":59}},"27":{"start":{"line":76,"column":22},"end":{"line":76,"column":48}},"28":{"start":{"line":77,"column":6},"end":{"line":77,"column":77}},"29":{"start":{"line":77,"column":20},"end":{"line":77,"column":77}},"30":{"start":{"line":79,"column":6},"end":{"line":84,"column":7}},"31":{"start":{"line":80,"column":8},"end":{"line":83,"column":10}},"32":{"start":{"line":86,"column":6},"end":{"line":91,"column":9}},"33":{"start":{"line":93,"column":6},"end":{"line":93,"column":59}},"34":{"start":{"line":95,"column":6},"end":{"line":95,"column":16}},"35":{"start":{"line":100,"column":4},"end":{"line":118,"column":5}},"36":{"start":{"line":101,"column":21},"end":{"line":101,"column":31}},"37":{"start":{"line":102,"column":25},"end":{"line":102,"column":33}},"38":{"start":{"line":104,"column":22},"end":{"line":104,"column":48}},"39":{"start":{"line":105,"column":6},"end":{"line":105,"column":77}},"40":{"start":{"line":105,"column":20},"end":{"line":105,"column":77}},"41":{"start":{"line":108,"column":28},"end":{"line":108,"column":64}},"42":{"start":{"line":109,"column":6},"end":{"line":111,"column":7}},"43":{"start":{"line":110,"column":8},"end":{"line":110,"column":70}},"44":{"start":{"line":113,"column":6},"end":{"line":113,"column":39}},"45":{"start":{"line":115,"column":6},"end":{"line":115,"column":75}},"46":{"start":{"line":117,"column":6},"end":{"line":117,"column":16}},"47":{"start":{"line":122,"column":4},"end":{"line":130,"column":5}},"48":{"start":{"line":123,"column":21},"end":{"line":123,"column":31}},"49":{"start":{"line":124,"column":22},"end":{"line":124,"column":48}},"50":{"start":{"line":125,"column":6},"end":{"line":125,"column":77}},"51":{"start":{"line":125,"column":20},"end":{"line":125,"column":77}},"52":{"start":{"line":126,"column":6},"end":{"line":126,"column":30}},"53":{"start":{"line":127,"column":6},"end":{"line":127,"column":59}},"54":{"start":{"line":129,"column":6},"end":{"line":129,"column":16}}},"fnMap":{"0":{"name":"(anonymous_0)","decl":{"start":{"line":5,"column":2},"end":{"line":5,"column":3}},"loc":{"start":{"line":5,"column":45},"end":{"line":25,"column":3}},"line":5},"1":{"name":"(anonymous_1)","decl":{"start":{"line":27,"column":2},"end":{"line":27,"column":3}},"loc":{"start":{"line":27,"column":46},"end":{"line":53,"column":3}},"line":27},"2":{"name":"(anonymous_2)","decl":{"start":{"line":55,"column":2},"end":{"line":55,"column":3}},"loc":{"start":{"line":55,"column":45},"end":{"line":70,"column":3}},"line":55},"3":{"name":"(anonymous_3)","decl":{"start":{"line":72,"column":2},"end":{"line":72,"column":3}},"loc":{"start":{"line":72,"column":45},"end":{"line":97,"column":3}},"line":72},"4":{"name":"(anonymous_4)","decl":{"start":{"line":99,"column":2},"end":{"line":99,"column":3}},"loc":{"start":{"line":99,"column":51},"end":{"line":119,"column":3}},"line":99},"5":{"name":"(anonymous_5)","decl":{"start":{"line":121,"column":2},"end":{"line":121,"column":3}},"loc":{"start":{"line":121,"column":45},"end":{"line":131,"column":3}},"line":121}},"branchMap":{"0":{"loc":{"start":{"line":43,"column":6},"end":{"line":46,"column":7}},"type":"if","locations":[{"start":{"line":43,"column":6},"end":{"line":46,"column":7}},{"start":{},"end":{}}],"line":43},"1":{"loc":{"start":{"line":77,"column":6},"end":{"line":77,"column":77}},"type":"if","locations":[{"start":{"line":77,"column":6},"end":{"line":77,"column":77}},{"start":{},"end":{}}],"line":77},"2":{"loc":{"start":{"line":79,"column":6},"end":{"line":84,"column":7}},"type":"if","locations":[{"start":{"line":79,"column":6},"end":{"line":84,"column":7}},{"start":{},"end":{}}],"line":79},"3":{"loc":{"start":{"line":87,"column":14},"end":{"line":87,"column":34}},"type":"binary-expr","locations":[{"start":{"line":87,"column":14},"end":{"line":87,"column":18}},{"start":{"line":87,"column":22},"end":{"line":87,"column":34}}],"line":87},"4":{"loc":{"start":{"line":88,"column":19},"end":{"line":88,"column":49}},"type":"binary-expr","locations":[{"start":{"line":88,"column":19},"end":{"line":88,"column":28}},{"start":{"line":88,"column":32},"end":{"line":88,"column":49}}],"line":88},"5":{"loc":{"start":{"line":89,"column":17},"end":{"line":89,"column":43}},"type":"binary-expr","locations":[{"start":{"line":89,"column":17},"end":{"line":89,"column":24}},{"start":{"line":89,"column":28},"end":{"line":89,"column":43}}],"line":89},"6":{"loc":{"start":{"line":90,"column":16},"end":{"line":90,"column":40}},"type":"binary-expr","locations":[{"start":{"line":90,"column":16},"end":{"line":90,"column":22}},{"start":{"line":90,"column":26},"end":{"line":90,"column":40}}],"line":90},"7":{"loc":{"start":{"line":105,"column":6},"end":{"line":105,"column":77}},"type":"if","locations":[{"start":{"line":105,"column":6},"end":{"line":105,"column":77}},{"start":{},"end":{}}],"line":105},"8":{"loc":{"start":{"line":109,"column":6},"end":{"line":111,"column":7}},"type":"if","locations":[{"start":{"line":109,"column":6},"end":{"line":111,"column":7}},{"start":{},"end":{}}],"line":109},"9":{"loc":{"start":{"line":125,"column":6},"end":{"line":125,"column":77}},"type":"if","locations":[{"start":{"line":125,"column":6},"end":{"line":125,"column":77}},{"start":{},"end":{}}],"line":125}},"s":{"0":5,"1":5,"2":1,"3":1,"4":1,"5":1,"6":1,"7":0,"8":0,"9":0,"10":0,"11":0,"12":0,"13":0,"14":0,"15":0,"16":0,"17":0,"18":4,"19":4,"20":4,"21":4,"22":3,"23":1,"24":0,"25":0,"26":0,"27":0,"28":0,"29":0,"30":0,"31":0,"32":0,"33":0,"34":0,"35":2,"36":2,"37":2,"38":2,"39":2,"40":1,"41":1,"42":1,"43":0,"44":1,"45":1,"46":1,"47":2,"48":2,"49":2,"50":2,"51":1,"52":1,"53":1,"54":1},"f":{"0":1,"1":0,"2":4,"3":0,"4":2,"5":2},"b":{"0":[0,0],"1":[0,0],"2":[0,0],"3":[0,0],"4":[0,0],"5":[0,0],"6":[0,0],"7":[1,1],"8":[0,1],"9":[1,1]},"_coverageSchema":"1a1c01bbd47fc00a2c39e90264f33305004495a9","hash":"fa18f414155dad8e24dbd54a119df476d13af827"}
,"C:\\Users\\TUF GAMING\\Hacktiv8\\phase2\\week3\\IP-RMT63\\Server\\controllers\\courtController.js": {"path":"C:\\Users\\TUF GAMING\\Hacktiv8\\phase2\\week3\\IP-RMT63\\Server\\controllers\\courtController.js","statementMap":{"0":{"start":{"line":1,"column":18},"end":{"line":1,"column":38}},"1":{"start":{"line":3,"column":0},"end":{"line":84,"column":2}},"2":{"start":{"line":5,"column":4},"end":{"line":14,"column":5}},"3":{"start":{"line":6,"column":33},"end":{"line":6,"column":42}},"4":{"start":{"line":8,"column":21},"end":{"line":10,"column":8}},"5":{"start":{"line":11,"column":6},"end":{"line":11,"column":35}},"6":{"start":{"line":13,"column":6},"end":{"line":13,"column":16}},"7":{"start":{"line":18,"column":4},"end":{"line":27,"column":5}},"8":{"start":{"line":19,"column":22},"end":{"line":19,"column":35}},"9":{"start":{"line":20,"column":20},"end":{"line":20,"column":49}},"10":{"start":{"line":21,"column":6},"end":{"line":23,"column":7}},"11":{"start":{"line":22,"column":8},"end":{"line":22,"column":63}},"12":{"start":{"line":24,"column":6},"end":{"line":24,"column":34}},"13":{"start":{"line":26,"column":6},"end":{"line":26,"column":16}},"14":{"start":{"line":31,"column":4},"end":{"line":45,"column":5}},"15":{"start":{"line":33,"column":8},"end":{"line":33,"column":16}},"16":{"start":{"line":34,"column":23},"end":{"line":41,"column":8}},"17":{"start":{"line":42,"column":6},"end":{"line":42,"column":37}},"18":{"start":{"line":44,"column":6},"end":{"line":44,"column":16}},"19":{"start":{"line":49,"column":4},"end":{"line":68,"column":5}},"20":{"start":{"line":50,"column":22},"end":{"line":50,"column":35}},"21":{"start":{"line":52,"column":8},"end":{"line":52,"column":16}},"22":{"start":{"line":53,"column":20},"end":{"line":53,"column":49}},"23":{"start":{"line":54,"column":6},"end":{"line":56,"column":7}},"24":{"start":{"line":55,"column":8},"end":{"line":55,"column":63}},"25":{"start":{"line":57,"column":6},"end":{"line":64,"column":9}},"26":{"start":{"line":65,"column":6},"end":{"line":65,"column":70}},"27":{"start":{"line":67,"column":6},"end":{"line":67,"column":16}},"28":{"start":{"line":72,"column":4},"end":{"line":82,"column":5}},"29":{"start":{"line":73,"column":22},"end":{"line":73,"column":35}},"30":{"start":{"line":74,"column":20},"end":{"line":74,"column":49}},"31":{"start":{"line":75,"column":6},"end":{"line":77,"column":7}},"32":{"start":{"line":76,"column":8},"end":{"line":76,"column":63}},"33":{"start":{"line":78,"column":6},"end":{"line":78,"column":28}},"34":{"start":{"line":79,"column":6},"end":{"line":79,"column":70}},"35":{"start":{"line":81,"column":6},"end":{"line":81,"column":16}}},"fnMap":{"0":{"name":"(anonymous_0)","decl":{"start":{"line":4,"column":2},"end":{"line":4,"column":3}},"loc":{"start":{"line":4,"column":44},"end":{"line":15,"column":3}},"line":4},"1":{"name":"(anonymous_1)","decl":{"start":{"line":17,"column":2},"end":{"line":17,"column":3}},"loc":{"start":{"line":17,"column":44},"end":{"line":28,"column":3}},"line":17},"2":{"name":"(anonymous_2)","decl":{"start":{"line":30,"column":2},"end":{"line":30,"column":3}},"loc":{"start":{"line":30,"column":43},"end":{"line":46,"column":3}},"line":30},"3":{"name":"(anonymous_3)","decl":{"start":{"line":48,"column":2},"end":{"line":48,"column":3}},"loc":{"start":{"line":48,"column":43},"end":{"line":69,"column":3}},"line":48},"4":{"name":"(anonymous_4)","decl":{"start":{"line":71,"column":2},"end":{"line":71,"column":3}},"loc":{"start":{"line":71,"column":43},"end":{"line":83,"column":3}},"line":71}},"branchMap":{"0":{"loc":{"start":{"line":6,"column":14},"end":{"line":6,"column":28}},"type":"default-arg","locations":[{"start":{"line":6,"column":22},"end":{"line":6,"column":28}}],"line":6},"1":{"loc":{"start":{"line":21,"column":6},"end":{"line":23,"column":7}},"type":"if","locations":[{"start":{"line":21,"column":6},"end":{"line":23,"column":7}},{"start":{},"end":{}}],"line":21},"2":{"loc":{"start":{"line":54,"column":6},"end":{"line":56,"column":7}},"type":"if","locations":[{"start":{"line":54,"column":6},"end":{"line":56,"column":7}},{"start":{},"end":{}}],"line":54},"3":{"loc":{"start":{"line":75,"column":6},"end":{"line":77,"column":7}},"type":"if","locations":[{"start":{"line":75,"column":6},"end":{"line":77,"column":7}},{"start":{},"end":{}}],"line":75}},"s":{"0":5,"1":5,"2":0,"3":0,"4":0,"5":0,"6":0,"7":0,"8":0,"9":0,"10":0,"11":0,"12":0,"13":0,"14":0,"15":0,"16":0,"17":0,"18":0,"19":0,"20":0,"21":0,"22":0,"23":0,"24":0,"25":0,"26":0,"27":0,"28":0,"29":0,"30":0,"31":0,"32":0,"33":0,"34":0,"35":0},"f":{"0":0,"1":0,"2":0,"3":0,"4":0},"b":{"0":[0],"1":[0,0],"2":[0,0],"3":[0,0]},"_coverageSchema":"1a1c01bbd47fc00a2c39e90264f33305004495a9","hash":"5b396bb67d5c7bbe9ca888b3fbb81f043d3b9923"}
,"C:\\Users\\TUF GAMING\\Hacktiv8\\phase2\\week3\\IP-RMT63\\Server\\controllers\\paymentController.js": {"path":"C:\\Users\\TUF GAMING\\Hacktiv8\\phase2\\week3\\IP-RMT63\\Server\\controllers\\paymentController.js","statementMap":{"0":{"start":{"line":1,"column":36},"end":{"line":1,"column":56}},"1":{"start":{"line":2,"column":23},"end":{"line":2,"column":49}},"2":{"start":{"line":3,"column":22},"end":{"line":3,"column":47}},"3":{"start":{"line":4,"column":15},"end":{"line":4,"column":35}},"4":{"start":{"line":5,"column":14},"end":{"line":5,"column":30}},"5":{"start":{"line":7,"column":0},"end":{"line":199,"column":2}},"6":{"start":{"line":9,"column":4},"end":{"line":115,"column":5}},"7":{"start":{"line":10,"column":28},"end":{"line":10,"column":36}},"8":{"start":{"line":11,"column":6},"end":{"line":11,"column":64}},"9":{"start":{"line":13,"column":22},"end":{"line":19,"column":8}},"10":{"start":{"line":20,"column":6},"end":{"line":20,"column":42}},"11":{"start":{"line":21,"column":6},"end":{"line":21,"column":77}},"12":{"start":{"line":21,"column":20},"end":{"line":21,"column":77}},"13":{"start":{"line":23,"column":31},"end":{"line":23,"column":71}},"14":{"start":{"line":24,"column":27},"end":{"line":24,"column":65}},"15":{"start":{"line":25,"column":21},"end":{"line":25,"column":43}},"16":{"start":{"line":26,"column":18},"end":{"line":26,"column":36}},"17":{"start":{"line":27,"column":6},"end":{"line":27,"column":43}},"18":{"start":{"line":29,"column":16},"end":{"line":29,"column":34}},"19":{"start":{"line":30,"column":6},"end":{"line":30,"column":37}},"20":{"start":{"line":33,"column":6},"end":{"line":35,"column":7}},"21":{"start":{"line":34,"column":8},"end":{"line":34,"column":39}},"22":{"start":{"line":37,"column":32},"end":{"line":37,"column":53}},"23":{"start":{"line":38,"column":30},"end":{"line":38,"column":52}},"24":{"start":{"line":41,"column":21},"end":{"line":41,"column":76}},"25":{"start":{"line":42,"column":6},"end":{"line":42,"column":46}},"26":{"start":{"line":43,"column":6},"end":{"line":45,"column":7}},"27":{"start":{"line":44,"column":8},"end":{"line":44,"column":54}},"28":{"start":{"line":46,"column":6},"end":{"line":46,"column":69}},"29":{"start":{"line":47,"column":6},"end":{"line":49,"column":7}},"30":{"start":{"line":48,"column":8},"end":{"line":48,"column":58}},"31":{"start":{"line":50,"column":17},"end":{"line":53,"column":8}},"32":{"start":{"line":56,"column":22},"end":{"line":56,"column":59}},"33":{"start":{"line":57,"column":6},"end":{"line":57,"column":43}},"34":{"start":{"line":59,"column":24},"end":{"line":79,"column":7}},"35":{"start":{"line":80,"column":6},"end":{"line":80,"column":78}},"36":{"start":{"line":83,"column":6},"end":{"line":83,"column":46}},"37":{"start":{"line":84,"column":6},"end":{"line":84,"column":52}},"38":{"start":{"line":86,"column":6},"end":{"line":99,"column":7}},"39":{"start":{"line":87,"column":8},"end":{"line":87,"column":51}},"40":{"start":{"line":88,"column":8},"end":{"line":88,"column":62}},"41":{"start":{"line":89,"column":8},"end":{"line":89,"column":58}},"42":{"start":{"line":91,"column":8},"end":{"line":91,"column":41}},"43":{"start":{"line":92,"column":8},"end":{"line":92,"column":48}},"44":{"start":{"line":93,"column":8},"end":{"line":96,"column":10}},"45":{"start":{"line":97,"column":8},"end":{"line":97,"column":45}},"46":{"start":{"line":98,"column":8},"end":{"line":98,"column":28}},"47":{"start":{"line":101,"column":22},"end":{"line":106,"column":8}},"48":{"start":{"line":108,"column":6},"end":{"line":108,"column":53}},"49":{"start":{"line":109,"column":6},"end":{"line":109,"column":61}},"50":{"start":{"line":112,"column":6},"end":{"line":112,"column":45}},"51":{"start":{"line":113,"column":6},"end":{"line":113,"column":40}},"52":{"start":{"line":114,"column":6},"end":{"line":114,"column":16}},"53":{"start":{"line":119,"column":4},"end":{"line":134,"column":5}},"54":{"start":{"line":120,"column":21},"end":{"line":120,"column":32}},"55":{"start":{"line":122,"column":23},"end":{"line":129,"column":8}},"56":{"start":{"line":131,"column":6},"end":{"line":131,"column":37}},"57":{"start":{"line":133,"column":6},"end":{"line":133,"column":16}},"58":{"start":{"line":138,"column":4},"end":{"line":163,"column":5}},"59":{"start":{"line":139,"column":21},"end":{"line":139,"column":31}},"60":{"start":{"line":141,"column":22},"end":{"line":143,"column":8}},"61":{"start":{"line":144,"column":6},"end":{"line":146,"column":7}},"62":{"start":{"line":145,"column":8},"end":{"line":145,"column":65}},"63":{"start":{"line":149,"column":6},"end":{"line":149,"column":30}},"64":{"start":{"line":150,"column":6},"end":{"line":150,"column":34}},"65":{"start":{"line":151,"column":6},"end":{"line":151,"column":27}},"66":{"start":{"line":154,"column":22},"end":{"line":154,"column":63}},"67":{"start":{"line":155,"column":6},"end":{"line":158,"column":7}},"68":{"start":{"line":156,"column":8},"end":{"line":156,"column":30}},"69":{"start":{"line":157,"column":8},"end":{"line":157,"column":29}},"70":{"start":{"line":160,"column":6},"end":{"line":160,"column":75}},"71":{"start":{"line":162,"column":6},"end":{"line":162,"column":16}},"72":{"start":{"line":167,"column":4},"end":{"line":197,"column":5}},"73":{"start":{"line":168,"column":6},"end":{"line":168,"column":58}},"74":{"start":{"line":170,"column":20},"end":{"line":170,"column":51}},"75":{"start":{"line":171,"column":22},"end":{"line":171,"column":36}},"76":{"start":{"line":173,"column":22},"end":{"line":173,"column":67}},"77":{"start":{"line":175,"column":6},"end":{"line":175,"column":77}},"78":{"start":{"line":175,"column":20},"end":{"line":175,"column":77}},"79":{"start":{"line":177,"column":6},"end":{"line":190,"column":7}},"80":{"start":{"line":181,"column":8},"end":{"line":181,"column":32}},"81":{"start":{"line":182,"column":8},"end":{"line":182,"column":36}},"82":{"start":{"line":183,"column":8},"end":{"line":183,"column":29}},"83":{"start":{"line":185,"column":24},"end":{"line":185,"column":65}},"84":{"start":{"line":186,"column":8},"end":{"line":189,"column":9}},"85":{"start":{"line":187,"column":10},"end":{"line":187,"column":32}},"86":{"start":{"line":188,"column":10},"end":{"line":188,"column":31}},"87":{"start":{"line":192,"column":6},"end":{"line":192,"column":61}},"88":{"start":{"line":194,"column":6},"end":{"line":194,"column":44}},"89":{"start":{"line":196,"column":6},"end":{"line":196,"column":16}}},"fnMap":{"0":{"name":"(anonymous_0)","decl":{"start":{"line":8,"column":2},"end":{"line":8,"column":3}},"loc":{"start":{"line":8,"column":45},"end":{"line":116,"column":3}},"line":8},"1":{"name":"(anonymous_1)","decl":{"start":{"line":118,"column":2},"end":{"line":118,"column":3}},"loc":{"start":{"line":118,"column":45},"end":{"line":135,"column":3}},"line":118},"2":{"name":"(anonymous_2)","decl":{"start":{"line":137,"column":2},"end":{"line":137,"column":3}},"loc":{"start":{"line":137,"column":42},"end":{"line":164,"column":3}},"line":137},"3":{"name":"(anonymous_3)","decl":{"start":{"line":166,"column":2},"end":{"line":166,"column":3}},"loc":{"start":{"line":166,"column":48},"end":{"line":198,"column":3}},"line":166}},"branchMap":{"0":{"loc":{"start":{"line":21,"column":6},"end":{"line":21,"column":77}},"type":"if","locations":[{"start":{"line":21,"column":6},"end":{"line":21,"column":77}},{"start":{},"end":{}}],"line":21},"1":{"loc":{"start":{"line":33,"column":6},"end":{"line":35,"column":7}},"type":"if","locations":[{"start":{"line":33,"column":6},"end":{"line":35,"column":7}},{"start":{},"end":{}}],"line":33},"2":{"loc":{"start":{"line":43,"column":6},"end":{"line":45,"column":7}},"type":"if","locations":[{"start":{"line":43,"column":6},"end":{"line":45,"column":7}},{"start":{},"end":{}}],"line":43},"3":{"loc":{"start":{"line":43,"column":10},"end":{"line":43,"column":49}},"type":"binary-expr","locations":[{"start":{"line":43,"column":10},"end":{"line":43,"column":17}},{"start":{"line":43,"column":21},"end":{"line":43,"column":34}},{"start":{"line":43,"column":38},"end":{"line":43,"column":49}}],"line":43},"4":{"loc":{"start":{"line":47,"column":6},"end":{"line":49,"column":7}},"type":"if","locations":[{"start":{"line":47,"column":6},"end":{"line":49,"column":7}},{"start":{},"end":{}}],"line":47},"5":{"loc":{"start":{"line":65,"column":22},"end":{"line":65,"column":49}},"type":"binary-expr","locations":[{"start":{"line":65,"column":22},"end":{"line":65,"column":35}},{"start":{"line":65,"column":39},"end":{"line":65,"column":49}}],"line":65},"6":{"loc":{"start":{"line":66,"column":17},"end":{"line":66,"column":59}},"type":"binary-expr","locations":[{"start":{"line":66,"column":17},"end":{"line":66,"column":31}},{"start":{"line":66,"column":35},"end":{"line":66,"column":59}}],"line":66},"7":{"loc":{"start":{"line":144,"column":6},"end":{"line":146,"column":7}},"type":"if","locations":[{"start":{"line":144,"column":6},"end":{"line":146,"column":7}},{"start":{},"end":{}}],"line":144},"8":{"loc":{"start":{"line":155,"column":6},"end":{"line":158,"column":7}},"type":"if","locations":[{"start":{"line":155,"column":6},"end":{"line":158,"column":7}},{"start":{},"end":{}}],"line":155},"9":{"loc":{"start":{"line":175,"column":6},"end":{"line":175,"column":77}},"type":"if","locations":[{"start":{"line":175,"column":6},"end":{"line":175,"column":77}},{"start":{},"end":{}}],"line":175},"10":{"loc":{"start":{"line":177,"column":6},"end":{"line":190,"column":7}},"type":"if","locations":[{"start":{"line":177,"column":6},"end":{"line":190,"column":7}},{"start":{},"end":{}}],"line":177},"11":{"loc":{"start":{"line":178,"column":8},"end":{"line":179,"column":46}},"type":"binary-expr","locations":[{"start":{"line":178,"column":8},"end":{"line":178,"column":49}},{"start":{"line":179,"column":8},"end":{"line":179,"column":46}}],"line":178},"12":{"loc":{"start":{"line":186,"column":8},"end":{"line":189,"column":9}},"type":"if","locations":[{"start":{"line":186,"column":8},"end":{"line":189,"column":9}},{"start":{},"end":{}}],"line":186}},"s":{"0":5,"1":5,"2":5,"3":5,"4":5,"5":5,"6":1,"7":1,"8":1,"9":1,"10":1,"11":1,"12":0,"13":1,"14":1,"15":1,"16":1,"17":1,"18":1,"19":1,"20":1,"21":0,"22":1,"23":1,"24":1,"25":1,"26":1,"27":0,"28":1,"29":1,"30":0,"31":1,"32":1,"33":1,"34":1,"35":1,"36":1,"37":1,"38":1,"39":1,"40":1,"41":1,"42":0,"43":0,"44":0,"45":0,"46":0,"47":1,"48":1,"49":1,"50":0,"51":0,"52":0,"53":1,"54":1,"55":1,"56":1,"57":0,"58":0,"59":0,"60":0,"61":0,"62":0,"63":0,"64":0,"65":0,"66":0,"67":0,"68":0,"69":0,"70":0,"71":0,"72":0,"73":0,"74":0,"75":0,"76":0,"77":0,"78":0,"79":0,"80":0,"81":0,"82":0,"83":0,"84":0,"85":0,"86":0,"87":0,"88":0,"89":0},"f":{"0":1,"1":1,"2":0,"3":0},"b":{"0":[0,1],"1":[0,1],"2":[0,1],"3":[1,1,1],"4":[0,1],"5":[1,0],"6":[1,0],"7":[0,0],"8":[0,0],"9":[0,0],"10":[0,0],"11":[0,0],"12":[0,0]},"_coverageSchema":"1a1c01bbd47fc00a2c39e90264f33305004495a9","hash":"58803985acad29c66c3cba1ac2350c9e07a36d7e"}
,"C:\\Users\\TUF GAMING\\Hacktiv8\\phase2\\week3\\IP-RMT63\\Server\\controllers\\publicController.js": {"path":"C:\\Users\\TUF GAMING\\Hacktiv8\\phase2\\week3\\IP-RMT63\\Server\\controllers\\publicController.js","statementMap":{"0":{"start":{"line":1,"column":18},"end":{"line":1,"column":38}},"1":{"start":{"line":2,"column":15},"end":{"line":2,"column":35}},"2":{"start":{"line":4,"column":0},"end":{"line":52,"column":2}},"3":{"start":{"line":6,"column":4},"end":{"line":37,"column":5}},"4":{"start":{"line":7,"column":62},"end":{"line":7,"column":71}},"5":{"start":{"line":8,"column":20},"end":{"line":8,"column":22}},"6":{"start":{"line":10,"column":6},"end":{"line":15,"column":7}},"7":{"start":{"line":11,"column":8},"end":{"line":14,"column":10}},"8":{"start":{"line":17,"column":6},"end":{"line":19,"column":7}},"9":{"start":{"line":18,"column":8},"end":{"line":18,"column":57}},"10":{"start":{"line":20,"column":6},"end":{"line":20,"column":51}},"11":{"start":{"line":21,"column":21},"end":{"line":21,"column":39}},"12":{"start":{"line":22,"column":30},"end":{"line":26,"column":8}},"13":{"start":{"line":27,"column":6},"end":{"line":34,"column":9}},"14":{"start":{"line":36,"column":6},"end":{"line":36,"column":16}},"15":{"start":{"line":41,"column":4},"end":{"line":50,"column":5}},"16":{"start":{"line":42,"column":22},"end":{"line":42,"column":35}},"17":{"start":{"line":43,"column":20},"end":{"line":43,"column":49}},"18":{"start":{"line":44,"column":6},"end":{"line":46,"column":7}},"19":{"start":{"line":45,"column":8},"end":{"line":45,"column":63}},"20":{"start":{"line":47,"column":6},"end":{"line":47,"column":34}},"21":{"start":{"line":49,"column":6},"end":{"line":49,"column":16}}},"fnMap":{"0":{"name":"(anonymous_0)","decl":{"start":{"line":5,"column":2},"end":{"line":5,"column":3}},"loc":{"start":{"line":5,"column":41},"end":{"line":38,"column":3}},"line":5},"1":{"name":"(anonymous_1)","decl":{"start":{"line":40,"column":2},"end":{"line":40,"column":3}},"loc":{"start":{"line":40,"column":45},"end":{"line":51,"column":3}},"line":40}},"branchMap":{"0":{"loc":{"start":{"line":7,"column":14},"end":{"line":7,"column":25}},"type":"default-arg","locations":[{"start":{"line":7,"column":23},"end":{"line":7,"column":25}}],"line":7},"1":{"loc":{"start":{"line":7,"column":37},"end":{"line":7,"column":45}},"type":"default-arg","locations":[{"start":{"line":7,"column":44},"end":{"line":7,"column":45}}],"line":7},"2":{"loc":{"start":{"line":7,"column":47},"end":{"line":7,"column":57}},"type":"default-arg","locations":[{"start":{"line":7,"column":55},"end":{"line":7,"column":57}}],"line":7},"3":{"loc":{"start":{"line":10,"column":6},"end":{"line":15,"column":7}},"type":"if","locations":[{"start":{"line":10,"column":6},"end":{"line":15,"column":7}},{"start":{},"end":{}}],"line":10},"4":{"loc":{"start":{"line":10,"column":10},"end":{"line":10,"column":29}},"type":"binary-expr","locations":[{"start":{"line":10,"column":10},"end":{"line":10,"column":16}},{"start":{"line":10,"column":20},"end":{"line":10,"column":29}}],"line":10},"5":{"loc":{"start":{"line":17,"column":6},"end":{"line":19,"column":7}},"type":"if","locations":[{"start":{"line":17,"column":6},"end":{"line":19,"column":7}},{"start":{},"end":{}}],"line":17},"6":{"loc":{"start":{"line":44,"column":6},"end":{"line":46,"column":7}},"type":"if","locations":[{"start":{"line":44,"column":6},"end":{"line":46,"column":7}},{"start":{},"end":{}}],"line":44}},"s":{"0":5,"1":5,"2":5,"3":3,"4":3,"5":3,"6":3,"7":1,"8":3,"9":1,"10":3,"11":3,"12":3,"13":3,"14":0,"15":2,"16":2,"17":2,"18":2,"19":1,"20":1,"21":1},"f":{"0":3,"1":2},"b":{"0":[2],"1":[3],"2":[3],"3":[1,2],"4":[3,1],"5":[1,2],"6":[1,1]},"_coverageSchema":"1a1c01bbd47fc00a2c39e90264f33305004495a9","hash":"e14d8630c64698b4d632fbd0e68401f4715f466d"}
,"C:\\Users\\TUF GAMING\\Hacktiv8\\phase2\\week3\\IP-RMT63\\Server\\helpers\\AskGemini.js": {"path":"C:\\Users\\TUF GAMING\\Hacktiv8\\phase2\\week3\\IP-RMT63\\Server\\helpers\\AskGemini.js","statementMap":{"0":{"start":{"line":1,"column":31},"end":{"line":1,"column":63}},"1":{"start":{"line":2,"column":0},"end":{"line":2,"column":27}},"2":{"start":{"line":4,"column":14},"end":{"line":4,"column":70}},"3":{"start":{"line":7,"column":2},"end":{"line":7,"column":40}},"4":{"start":{"line":9,"column":16},"end":{"line":9,"column":78}},"5":{"start":{"line":11,"column":17},"end":{"line":11,"column":52}},"6":{"start":{"line":12,"column":19},"end":{"line":12,"column":40}},"7":{"start":{"line":13,"column":2},"end":{"line":13,"column":25}},"8":{"start":{"line":16,"column":0},"end":{"line":16,"column":31}}},"fnMap":{"0":{"name":"askGemini","decl":{"start":{"line":6,"column":15},"end":{"line":6,"column":24}},"loc":{"start":{"line":6,"column":33},"end":{"line":14,"column":1}},"line":6}},"branchMap":{},"s":{"0":5,"1":5,"2":5,"3":0,"4":0,"5":0,"6":0,"7":0,"8":5},"f":{"0":0},"b":{},"_coverageSchema":"1a1c01bbd47fc00a2c39e90264f33305004495a9","hash":"d6530c02749668a084964f534c0f38b9e11d8c6f"}
,"C:\\Users\\TUF GAMING\\Hacktiv8\\phase2\\week3\\IP-RMT63\\Server\\helpers\\bcrypt.js": {"path":"C:\\Users\\TUF GAMING\\Hacktiv8\\phase2\\week3\\IP-RMT63\\Server\\helpers\\bcrypt.js","statementMap":{"0":{"start":{"line":1,"column":15},"end":{"line":1,"column":34}},"1":{"start":{"line":3,"column":21},"end":{"line":6,"column":1}},"2":{"start":{"line":4,"column":15},"end":{"line":4,"column":37}},"3":{"start":{"line":5,"column":2},"end":{"line":5,"column":41}},"4":{"start":{"line":8,"column":24},"end":{"line":10,"column":1}},"5":{"start":{"line":9,"column":2},"end":{"line":9,"column":59}},"6":{"start":{"line":12,"column":0},"end":{"line":15,"column":2}}},"fnMap":{"0":{"name":"(anonymous_0)","decl":{"start":{"line":3,"column":21},"end":{"line":3,"column":22}},"loc":{"start":{"line":3,"column":35},"end":{"line":6,"column":1}},"line":3},"1":{"name":"(anonymous_1)","decl":{"start":{"line":8,"column":24},"end":{"line":8,"column":25}},"loc":{"start":{"line":8,"column":59},"end":{"line":10,"column":1}},"line":8}},"branchMap":{},"s":{"0":5,"1":5,"2":6,"3":6,"4":5,"5":2,"6":5},"f":{"0":6,"1":2},"b":{},"_coverageSchema":"1a1c01bbd47fc00a2c39e90264f33305004495a9","hash":"50033d76ca0fbc6531fbc83e95a9f0e4ccf68e1a"}
,"C:\\Users\\TUF GAMING\\Hacktiv8\\phase2\\week3\\IP-RMT63\\Server\\helpers\\jwt.js": {"path":"C:\\Users\\TUF GAMING\\Hacktiv8\\phase2\\week3\\IP-RMT63\\Server\\helpers\\jwt.js","statementMap":{"0":{"start":{"line":1,"column":12},"end":{"line":1,"column":35}},"1":{"start":{"line":2,"column":15},"end":{"line":2,"column":54}},"2":{"start":{"line":5,"column":2},"end":{"line":5,"column":35}},"3":{"start":{"line":9,"column":2},"end":{"line":9,"column":35}},"4":{"start":{"line":12,"column":0},"end":{"line":12,"column":44}}},"fnMap":{"0":{"name":"signToken","decl":{"start":{"line":4,"column":9},"end":{"line":4,"column":18}},"loc":{"start":{"line":4,"column":28},"end":{"line":6,"column":1}},"line":4},"1":{"name":"verifyToken","decl":{"start":{"line":8,"column":9},"end":{"line":8,"column":20}},"loc":{"start":{"line":8,"column":28},"end":{"line":10,"column":1}},"line":8}},"branchMap":{"0":{"loc":{"start":{"line":2,"column":15},"end":{"line":2,"column":54}},"type":"binary-expr","locations":[{"start":{"line":2,"column":15},"end":{"line":2,"column":37}},{"start":{"line":2,"column":41},"end":{"line":2,"column":54}}],"line":2}},"s":{"0":5,"1":5,"2":6,"3":17,"4":5},"f":{"0":6,"1":17},"b":{"0":[5,0]},"_coverageSchema":"1a1c01bbd47fc00a2c39e90264f33305004495a9","hash":"6534b0e08bd4f7fb38c59fd983a0fd6f33d5ee48"}
,"C:\\Users\\TUF GAMING\\Hacktiv8\\phase2\\week3\\IP-RMT63\\Server\\middleware\\authentication.js": {"path":"C:\\Users\\TUF GAMING\\Hacktiv8\\phase2\\week3\\IP-RMT63\\Server\\middleware\\authentication.js","statementMap":{"0":{"start":{"line":1,"column":17},"end":{"line":1,"column":37}},"1":{"start":{"line":2,"column":24},"end":{"line":2,"column":49}},"2":{"start":{"line":5,"column":0},"end":{"line":31,"column":2}},"3":{"start":{"line":7,"column":22},"end":{"line":7,"column":47}},"4":{"start":{"line":8,"column":2},"end":{"line":8,"column":55}},"5":{"start":{"line":9,"column":2},"end":{"line":12,"column":3}},"6":{"start":{"line":10,"column":4},"end":{"line":10,"column":61}},"7":{"start":{"line":11,"column":4},"end":{"line":11,"column":11}},"8":{"start":{"line":13,"column":23},"end":{"line":13,"column":48}},"9":{"start":{"line":15,"column":2},"end":{"line":30,"column":3}},"10":{"start":{"line":17,"column":17},"end":{"line":17,"column":42}},"11":{"start":{"line":19,"column":17},"end":{"line":19,"column":45}},"12":{"start":{"line":21,"column":4},"end":{"line":23,"column":5}},"13":{"start":{"line":22,"column":6},"end":{"line":22,"column":63}},"14":{"start":{"line":25,"column":4},"end":{"line":25,"column":20}},"15":{"start":{"line":27,"column":4},"end":{"line":27,"column":11}},"16":{"start":{"line":29,"column":4},"end":{"line":29,"column":14}}},"fnMap":{"0":{"name":"authentication","decl":{"start":{"line":5,"column":32},"end":{"line":5,"column":46}},"loc":{"start":{"line":5,"column":63},"end":{"line":31,"column":1}},"line":5}},"branchMap":{"0":{"loc":{"start":{"line":9,"column":2},"end":{"line":12,"column":3}},"type":"if","locations":[{"start":{"line":9,"column":2},"end":{"line":12,"column":3}},{"start":{},"end":{}}],"line":9},"1":{"loc":{"start":{"line":21,"column":4},"end":{"line":23,"column":5}},"type":"if","locations":[{"start":{"line":21,"column":4},"end":{"line":23,"column":5}},{"start":{},"end":{}}],"line":21}},"s":{"0":5,"1":5,"2":5,"3":26,"4":26,"5":26,"6":9,"7":9,"8":17,"9":17,"10":17,"11":17,"12":17,"13":0,"14":17,"15":17,"16":0},"f":{"0":26},"b":{"0":[9,17],"1":[0,17]},"_coverageSchema":"1a1c01bbd47fc00a2c39e90264f33305004495a9","hash":"78d92fe83c7aa91f98ac2052b897b91d9f903d33"}
,"C:\\Users\\TUF GAMING\\Hacktiv8\\phase2\\week3\\IP-RMT63\\Server\\middleware\\errorHandler.js": {"path":"C:\\Users\\TUF GAMING\\Hacktiv8\\phase2\\week3\\IP-RMT63\\Server\\middleware\\errorHandler.js","statementMap":{"0":{"start":{"line":1,"column":0},"end":{"line":17,"column":2}},"1":{"start":{"line":2,"column":2},"end":{"line":16,"column":3}},"2":{"start":{"line":3,"column":4},"end":{"line":3,"column":51}},"3":{"start":{"line":4,"column":9},"end":{"line":16,"column":3}},"4":{"start":{"line":5,"column":4},"end":{"line":5,"column":61}},"5":{"start":{"line":6,"column":9},"end":{"line":16,"column":3}},"6":{"start":{"line":7,"column":4},"end":{"line":7,"column":51}},"7":{"start":{"line":8,"column":9},"end":{"line":16,"column":3}},"8":{"start":{"line":9,"column":4},"end":{"line":9,"column":55}},"9":{"start":{"line":10,"column":9},"end":{"line":16,"column":3}},"10":{"start":{"line":11,"column":4},"end":{"line":11,"column":51}},"11":{"start":{"line":12,"column":9},"end":{"line":16,"column":3}},"12":{"start":{"line":13,"column":4},"end":{"line":13,"column":51}},"13":{"start":{"line":15,"column":4},"end":{"line":15,"column":63}}},"fnMap":{"0":{"name":"errorHandler","decl":{"start":{"line":1,"column":26},"end":{"line":1,"column":38}},"loc":{"start":{"line":1,"column":60},"end":{"line":17,"column":1}},"line":1}},"branchMap":{"0":{"loc":{"start":{"line":2,"column":2},"end":{"line":16,"column":3}},"type":"if","locations":[{"start":{"line":2,"column":2},"end":{"line":16,"column":3}},{"start":{"line":4,"column":9},"end":{"line":16,"column":3}}],"line":2},"1":{"loc":{"start":{"line":4,"column":9},"end":{"line":16,"column":3}},"type":"if","locations":[{"start":{"line":4,"column":9},"end":{"line":16,"column":3}},{"start":{"line":6,"column":9},"end":{"line":16,"column":3}}],"line":4},"2":{"loc":{"start":{"line":6,"column":9},"end":{"line":16,"column":3}},"type":"if","locations":[{"start":{"line":6,"column":9},"end":{"line":16,"column":3}},{"start":{"line":8,"column":9},"end":{"line":16,"column":3}}],"line":6},"3":{"loc":{"start":{"line":8,"column":9},"end":{"line":16,"column":3}},"type":"if","locations":[{"start":{"line":8,"column":9},"end":{"line":16,"column":3}},{"start":{"line":10,"column":9},"end":{"line":16,"column":3}}],"line":8},"4":{"loc":{"start":{"line":10,"column":9},"end":{"line":16,"column":3}},"type":"if","locations":[{"start":{"line":10,"column":9},"end":{"line":16,"column":3}},{"start":{"line":12,"column":9},"end":{"line":16,"column":3}}],"line":10},"5":{"loc":{"start":{"line":12,"column":9},"end":{"line":16,"column":3}},"type":"if","locations":[{"start":{"line":12,"column":9},"end":{"line":16,"column":3}},{"start":{"line":14,"column":9},"end":{"line":16,"column":3}}],"line":12}},"s":{"0":5,"1":35,"2":6,"3":29,"4":9,"5":20,"6":12,"7":8,"8":0,"9":8,"10":1,"11":7,"12":3,"13":4},"f":{"0":35},"b":{"0":[6,29],"1":[9,20],"2":[12,8],"3":[0,8],"4":[1,7],"5":[3,4]},"_coverageSchema":"1a1c01bbd47fc00a2c39e90264f33305004495a9","hash":"4e94ee1701bf744ffe2eb78ea8b4dc598e976939"}
,"C:\\Users\\TUF GAMING\\Hacktiv8\\phase2\\week3\\IP-RMT63\\Server\\middleware\\isAdmin.js": {"path":"C:\\Users\\TUF GAMING\\Hacktiv8\\phase2\\week3\\IP-RMT63\\Server\\middleware\\isAdmin.js","statementMap":{"0":{"start":{"line":1,"column":0},"end":{"line":9,"column":2}},"1":{"start":{"line":2,"column":2},"end":{"line":7,"column":3}},"2":{"start":{"line":3,"column":4},"end":{"line":6,"column":7}},"3":{"start":{"line":8,"column":2},"end":{"line":8,"column":9}}},"fnMap":{"0":{"name":"authorizeAdmin","decl":{"start":{"line":1,"column":26},"end":{"line":1,"column":40}},"loc":{"start":{"line":1,"column":57},"end":{"line":9,"column":1}},"line":1}},"branchMap":{"0":{"loc":{"start":{"line":2,"column":2},"end":{"line":7,"column":3}},"type":"if","locations":[{"start":{"line":2,"column":2},"end":{"line":7,"column":3}},{"start":{},"end":{}}],"line":2}},"s":{"0":5,"1":5,"2":1,"3":4},"f":{"0":5},"b":{"0":[1,4]},"_coverageSchema":"1a1c01bbd47fc00a2c39e90264f33305004495a9","hash":"021fcc2a01de06f830a89a80dda0c122c3f26aaf"}
,"C:\\Users\\TUF GAMING\\Hacktiv8\\phase2\\week3\\IP-RMT63\\Server\\models\\booking.js": {"path":"C:\\Users\\TUF GAMING\\Hacktiv8\\phase2\\week3\\IP-RMT63\\Server\\models\\booking.js","statementMap":{"0":{"start":{"line":2,"column":18},"end":{"line":2,"column":38}},"1":{"start":{"line":3,"column":0},"end":{"line":45,"column":2}},"2":{"start":{"line":12,"column":6},"end":{"line":12,"column":63}},"3":{"start":{"line":13,"column":6},"end":{"line":13,"column":65}},"4":{"start":{"line":14,"column":6},"end":{"line":14,"column":66}},"5":{"start":{"line":17,"column":2},"end":{"line":43,"column":4}},"6":{"start":{"line":44,"column":2},"end":{"line":44,"column":17}}},"fnMap":{"0":{"name":"(anonymous_0)","decl":{"start":{"line":3,"column":17},"end":{"line":3,"column":18}},"loc":{"start":{"line":3,"column":43},"end":{"line":45,"column":1}},"line":3},"1":{"name":"(anonymous_1)","decl":{"start":{"line":10,"column":4},"end":{"line":10,"column":5}},"loc":{"start":{"line":10,"column":29},"end":{"line":15,"column":5}},"line":10}},"branchMap":{},"s":{"0":5,"1":5,"2":5,"3":5,"4":5,"5":5,"6":5},"f":{"0":5,"1":5},"b":{},"_coverageSchema":"1a1c01bbd47fc00a2c39e90264f33305004495a9","hash":"449fca4e08aa5220429db7c4e3049c530093535c"}
,"C:\\Users\\TUF GAMING\\Hacktiv8\\phase2\\week3\\IP-RMT63\\Server\\models\\court.js": {"path":"C:\\Users\\TUF GAMING\\Hacktiv8\\phase2\\week3\\IP-RMT63\\Server\\models\\court.js","statementMap":{"0":{"start":{"line":2,"column":18},"end":{"line":2,"column":38}},"1":{"start":{"line":3,"column":0},"end":{"line":96,"column":2}},"2":{"start":{"line":12,"column":6},"end":{"line":12,"column":63}},"3":{"start":{"line":15,"column":2},"end":{"line":94,"column":4}},"4":{"start":{"line":95,"column":2},"end":{"line":95,"column":15}}},"fnMap":{"0":{"name":"(anonymous_0)","decl":{"start":{"line":3,"column":17},"end":{"line":3,"column":18}},"loc":{"start":{"line":3,"column":43},"end":{"line":96,"column":1}},"line":3},"1":{"name":"(anonymous_1)","decl":{"start":{"line":10,"column":4},"end":{"line":10,"column":5}},"loc":{"start":{"line":10,"column":29},"end":{"line":13,"column":5}},"line":10}},"branchMap":{},"s":{"0":5,"1":5,"2":5,"3":5,"4":5},"f":{"0":5,"1":5},"b":{},"_coverageSchema":"1a1c01bbd47fc00a2c39e90264f33305004495a9","hash":"f29b020dec51c6b96faeec04331a510ad9ad911d"}
,"C:\\Users\\TUF GAMING\\Hacktiv8\\phase2\\week3\\IP-RMT63\\Server\\models\\index.js": {"path":"C:\\Users\\TUF GAMING\\Hacktiv8\\phase2\\week3\\IP-RMT63\\Server\\models\\index.js","statementMap":{"0":{"start":{"line":3,"column":11},"end":{"line":3,"column":24}},"1":{"start":{"line":4,"column":13},"end":{"line":4,"column":28}},"2":{"start":{"line":5,"column":18},"end":{"line":5,"column":38}},"3":{"start":{"line":6,"column":16},"end":{"line":6,"column":34}},"4":{"start":{"line":7,"column":17},"end":{"line":7,"column":42}},"5":{"start":{"line":8,"column":12},"end":{"line":8,"column":49}},"6":{"start":{"line":9,"column":15},"end":{"line":9,"column":63}},"7":{"start":{"line":10,"column":11},"end":{"line":10,"column":13}},"8":{"start":{"line":13,"column":0},"end":{"line":22,"column":1}},"9":{"start":{"line":14,"column":2},"end":{"line":14,"column":74}},"10":{"start":{"line":16,"column":2},"end":{"line":21,"column":4}},"11":{"start":{"line":24,"column":0},"end":{"line":39,"column":5}},"12":{"start":{"line":26,"column":4},"end":{"line":31,"column":6}},"13":{"start":{"line":34,"column":18},"end":{"line":37,"column":5}},"14":{"start":{"line":38,"column":4},"end":{"line":38,"column":27}},"15":{"start":{"line":41,"column":0},"end":{"line":45,"column":3}},"16":{"start":{"line":42,"column":2},"end":{"line":44,"column":3}},"17":{"start":{"line":43,"column":4},"end":{"line":43,"column":32}},"18":{"start":{"line":47,"column":0},"end":{"line":47,"column":25}},"19":{"start":{"line":48,"column":0},"end":{"line":48,"column":25}},"20":{"start":{"line":50,"column":0},"end":{"line":50,"column":20}}},"fnMap":{"0":{"name":"(anonymous_0)","decl":{"start":{"line":25,"column":10},"end":{"line":25,"column":11}},"loc":{"start":{"line":25,"column":20},"end":{"line":32,"column":3}},"line":25},"1":{"name":"(anonymous_1)","decl":{"start":{"line":33,"column":11},"end":{"line":33,"column":12}},"loc":{"start":{"line":33,"column":21},"end":{"line":39,"column":3}},"line":33},"2":{"name":"(anonymous_2)","decl":{"start":{"line":41,"column":24},"end":{"line":41,"column":25}},"loc":{"start":{"line":41,"column":39},"end":{"line":45,"column":1}},"line":41}},"branchMap":{"0":{"loc":{"start":{"line":8,"column":12},"end":{"line":8,"column":49}},"type":"binary-expr","locations":[{"start":{"line":8,"column":12},"end":{"line":8,"column":32}},{"start":{"line":8,"column":36},"end":{"line":8,"column":49}}],"line":8},"1":{"loc":{"start":{"line":13,"column":0},"end":{"line":22,"column":1}},"type":"if","locations":[{"start":{"line":13,"column":0},"end":{"line":22,"column":1}},{"start":{"line":15,"column":7},"end":{"line":22,"column":1}}],"line":13},"2":{"loc":{"start":{"line":27,"column":6},"end":{"line":30,"column":37}},"type":"binary-expr","locations":[{"start":{"line":27,"column":6},"end":{"line":27,"column":29}},{"start":{"line":28,"column":6},"end":{"line":28,"column":23}},{"start":{"line":29,"column":6},"end":{"line":29,"column":30}},{"start":{"line":30,"column":6},"end":{"line":30,"column":37}}],"line":27},"3":{"loc":{"start":{"line":42,"column":2},"end":{"line":44,"column":3}},"type":"if","locations":[{"start":{"line":42,"column":2},"end":{"line":44,"column":3}},{"start":{},"end":{}}],"line":42}},"s":{"0":5,"1":5,"2":5,"3":5,"4":5,"5":5,"6":5,"7":5,"8":5,"9":0,"10":5,"11":5,"12":25,"13":20,"14":20,"15":5,"16":20,"17":20,"18":5,"19":5,"20":5},"f":{"0":25,"1":20,"2":20},"b":{"0":[5,0],"1":[0,5],"2":[25,25,20,20],"3":[20,0]},"_coverageSchema":"1a1c01bbd47fc00a2c39e90264f33305004495a9","hash":"bbb962e3008b361b0cf268ef0ff931536db86700"}
,"C:\\Users\\TUF GAMING\\Hacktiv8\\phase2\\week3\\IP-RMT63\\Server\\models\\payment.js": {"path":"C:\\Users\\TUF GAMING\\Hacktiv8\\phase2\\week3\\IP-RMT63\\Server\\models\\payment.js","statementMap":{"0":{"start":{"line":2,"column":18},"end":{"line":2,"column":38}},"1":{"start":{"line":3,"column":0},"end":{"line":70,"column":2}},"2":{"start":{"line":12,"column":6},"end":{"line":12,"column":69}},"3":{"start":{"line":15,"column":2},"end":{"line":68,"column":4}},"4":{"start":{"line":69,"column":2},"end":{"line":69,"column":17}}},"fnMap":{"0":{"name":"(anonymous_0)","decl":{"start":{"line":3,"column":17},"end":{"line":3,"column":18}},"loc":{"start":{"line":3,"column":43},"end":{"line":70,"column":1}},"line":3},"1":{"name":"(anonymous_1)","decl":{"start":{"line":10,"column":4},"end":{"line":10,"column":5}},"loc":{"start":{"line":10,"column":29},"end":{"line":13,"column":5}},"line":10}},"branchMap":{},"s":{"0":5,"1":5,"2":5,"3":5,"4":5},"f":{"0":5,"1":5},"b":{},"_coverageSchema":"1a1c01bbd47fc00a2c39e90264f33305004495a9","hash":"78244385528f817d8fea16c60378173af93f5a1e"}
,"C:\\Users\\TUF GAMING\\Hacktiv8\\phase2\\week3\\IP-RMT63\\Server\\models\\user.js": {"path":"C:\\Users\\TUF GAMING\\Hacktiv8\\phase2\\week3\\IP-RMT63\\Server\\models\\user.js","statementMap":{"0":{"start":{"line":2,"column":18},"end":{"line":2,"column":38}},"1":{"start":{"line":3,"column":25},"end":{"line":3,"column":53}},"2":{"start":{"line":4,"column":0},"end":{"line":74,"column":2}},"3":{"start":{"line":13,"column":6},"end":{"line":13,"column":61}},"4":{"start":{"line":16,"column":2},"end":{"line":69,"column":4}},"5":{"start":{"line":70,"column":2},"end":{"line":72,"column":5}},"6":{"start":{"line":71,"column":4},"end":{"line":71,"column":48}},"7":{"start":{"line":73,"column":2},"end":{"line":73,"column":14}}},"fnMap":{"0":{"name":"(anonymous_0)","decl":{"start":{"line":4,"column":17},"end":{"line":4,"column":18}},"loc":{"start":{"line":4,"column":43},"end":{"line":74,"column":1}},"line":4},"1":{"name":"(anonymous_1)","decl":{"start":{"line":11,"column":4},"end":{"line":11,"column":5}},"loc":{"start":{"line":11,"column":29},"end":{"line":14,"column":5}},"line":11},"2":{"name":"(anonymous_2)","decl":{"start":{"line":70,"column":20},"end":{"line":70,"column":21}},"loc":{"start":{"line":70,"column":30},"end":{"line":72,"column":3}},"line":70}},"branchMap":{},"s":{"0":5,"1":5,"2":5,"3":5,"4":5,"5":5,"6":6,"7":5},"f":{"0":5,"1":5,"2":6},"b":{},"_coverageSchema":"1a1c01bbd47fc00a2c39e90264f33305004495a9","hash":"059546d5f710e8d830442a7be083536f76d56c29"}
,"C:\\Users\\TUF GAMING\\Hacktiv8\\phase2\\week3\\IP-RMT63\\Server\\routes\\ai.js": {"path":"C:\\Users\\TUF GAMING\\Hacktiv8\\phase2\\week3\\IP-RMT63\\Server\\routes\\ai.js","statementMap":{"0":{"start":{"line":1,"column":16},"end":{"line":1,"column":34}},"1":{"start":{"line":2,"column":22},"end":{"line":2,"column":53}},"2":{"start":{"line":4,"column":15},"end":{"line":4,"column":31}},"3":{"start":{"line":6,"column":0},"end":{"line":18,"column":3}},"4":{"start":{"line":7,"column":2},"end":{"line":17,"column":3}},"5":{"start":{"line":8,"column":43},"end":{"line":8,"column":51}},"6":{"start":{"line":9,"column":19},"end":{"line":11,"column":7}},"7":{"start":{"line":13,"column":27},"end":{"line":13,"column":50}},"8":{"start":{"line":14,"column":4},"end":{"line":14,"column":33}},"9":{"start":{"line":16,"column":4},"end":{"line":16,"column":14}},"10":{"start":{"line":20,"column":0},"end":{"line":20,"column":24}}},"fnMap":{"0":{"name":"(anonymous_0)","decl":{"start":{"line":6,"column":26},"end":{"line":6,"column":27}},"loc":{"start":{"line":6,"column":52},"end":{"line":18,"column":1}},"line":6}},"branchMap":{},"s":{"0":6,"1":6,"2":6,"3":6,"4":2,"5":2,"6":2,"7":2,"8":1,"9":1,"10":6},"f":{"0":2},"b":{},"_coverageSchema":"1a1c01bbd47fc00a2c39e90264f33305004495a9","hash":"f0cef425bd343760a8dca9aade1df3ebb52d8704"}
,"C:\\Users\\TUF GAMING\\Hacktiv8\\phase2\\week3\\IP-RMT63\\Server\\routes\\auth.js": {"path":"C:\\Users\\TUF GAMING\\Hacktiv8\\phase2\\week3\\IP-RMT63\\Server\\routes\\auth.js","statementMap":{"0":{"start":{"line":1,"column":16},"end":{"line":1,"column":34}},"1":{"start":{"line":2,"column":15},"end":{"line":2,"column":31}},"2":{"start":{"line":3,"column":23},"end":{"line":3,"column":63}},"3":{"start":{"line":4,"column":21},"end":{"line":4,"column":58}},"4":{"start":{"line":6,"column":0},"end":{"line":6,"column":44}},"5":{"start":{"line":7,"column":0},"end":{"line":7,"column":50}},"6":{"start":{"line":8,"column":0},"end":{"line":8,"column":57}},"7":{"start":{"line":11,"column":0},"end":{"line":11,"column":25}},"8":{"start":{"line":13,"column":0},"end":{"line":13,"column":24}}},"fnMap":{},"branchMap":{},"s":{"0":5,"1":5,"2":5,"3":5,"4":5,"5":5,"6":5,"7":5,"8":5},"f":{},"b":{},"_coverageSchema":"1a1c01bbd47fc00a2c39e90264f33305004495a9","hash":"85e63cec1f5e637043f310b3e77cd9f28aaa2a46"}
,"C:\\Users\\TUF GAMING\\Hacktiv8\\phase2\\week3\\IP-RMT63\\Server\\routes\\bookings.js": {"path":"C:\\Users\\TUF GAMING\\Hacktiv8\\phase2\\week3\\IP-RMT63\\Server\\routes\\bookings.js","statementMap":{"0":{"start":{"line":1,"column":16},"end":{"line":1,"column":34}},"1":{"start":{"line":2,"column":15},"end":{"line":2,"column":42}},"2":{"start":{"line":3,"column":26},"end":{"line":3,"column":69}},"3":{"start":{"line":4,"column":23},"end":{"line":4,"column":62}},"4":{"start":{"line":5,"column":16},"end":{"line":5,"column":48}},"5":{"start":{"line":6,"column":21},"end":{"line":6,"column":58}},"6":{"start":{"line":8,"column":0},"end":{"line":8,"column":27}},"7":{"start":{"line":10,"column":0},"end":{"line":10,"column":53}},"8":{"start":{"line":11,"column":0},"end":{"line":11,"column":50}},"9":{"start":{"line":14,"column":0},"end":{"line":14,"column":59}},"10":{"start":{"line":15,"column":0},"end":{"line":15,"column":61}},"11":{"start":{"line":16,"column":0},"end":{"line":16,"column":64}},"12":{"start":{"line":17,"column":0},"end":{"line":17,"column":76}},"13":{"start":{"line":20,"column":0},"end":{"line":20,"column":25}},"14":{"start":{"line":22,"column":0},"end":{"line":22,"column":24}}},"fnMap":{},"branchMap":{},"s":{"0":5,"1":5,"2":5,"3":5,"4":5,"5":5,"6":5,"7":5,"8":5,"9":5,"10":5,"11":5,"12":5,"13":5,"14":5},"f":{},"b":{},"_coverageSchema":"1a1c01bbd47fc00a2c39e90264f33305004495a9","hash":"7af4e1f99e1115fc0939d573f330b4bbbe965a52"}
,"C:\\Users\\TUF GAMING\\Hacktiv8\\phase2\\week3\\IP-RMT63\\Server\\routes\\courts.js": {"path":"C:\\Users\\TUF GAMING\\Hacktiv8\\phase2\\week3\\IP-RMT63\\Server\\routes\\courts.js","statementMap":{"0":{"start":{"line":1,"column":16},"end":{"line":1,"column":34}},"1":{"start":{"line":2,"column":15},"end":{"line":2,"column":31}},"2":{"start":{"line":3,"column":24},"end":{"line":3,"column":65}},"3":{"start":{"line":4,"column":23},"end":{"line":4,"column":62}},"4":{"start":{"line":5,"column":16},"end":{"line":5,"column":48}},"5":{"start":{"line":6,"column":21},"end":{"line":6,"column":58}},"6":{"start":{"line":9,"column":0},"end":{"line":9,"column":27}},"7":{"start":{"line":12,"column":0},"end":{"line":12,"column":55}},"8":{"start":{"line":15,"column":0},"end":{"line":15,"column":58}},"9":{"start":{"line":18,"column":0},"end":{"line":18,"column":55}},"10":{"start":{"line":21,"column":0},"end":{"line":21,"column":57}},"11":{"start":{"line":24,"column":0},"end":{"line":24,"column":60}},"12":{"start":{"line":27,"column":0},"end":{"line":27,"column":25}},"13":{"start":{"line":29,"column":0},"end":{"line":29,"column":24}}},"fnMap":{},"branchMap":{},"s":{"0":5,"1":5,"2":5,"3":5,"4":5,"5":5,"6":5,"7":5,"8":5,"9":5,"10":5,"11":5,"12":5,"13":5},"f":{},"b":{},"_coverageSchema":"1a1c01bbd47fc00a2c39e90264f33305004495a9","hash":"3f9d9805e5073641676c34602680cec9e94d12b8"}
,"C:\\Users\\TUF GAMING\\Hacktiv8\\phase2\\week3\\IP-RMT63\\Server\\routes\\payments.js": {"path":"C:\\Users\\TUF GAMING\\Hacktiv8\\phase2\\week3\\IP-RMT63\\Server\\routes\\payments.js","statementMap":{"0":{"start":{"line":1,"column":16},"end":{"line":1,"column":34}},"1":{"start":{"line":2,"column":15},"end":{"line":2,"column":31}},"2":{"start":{"line":3,"column":23},"end":{"line":3,"column":62}},"3":{"start":{"line":4,"column":26},"end":{"line":4,"column":69}},"4":{"start":{"line":5,"column":21},"end":{"line":5,"column":58}},"5":{"start":{"line":7,"column":0},"end":{"line":11,"column":2}},"6":{"start":{"line":13,"column":0},"end":{"line":13,"column":27}},"7":{"start":{"line":15,"column":0},"end":{"line":15,"column":50}},"8":{"start":{"line":16,"column":0},"end":{"line":16,"column":53}},"9":{"start":{"line":17,"column":0},"end":{"line":17,"column":59}},"10":{"start":{"line":21,"column":0},"end":{"line":21,"column":25}},"11":{"start":{"line":23,"column":0},"end":{"line":23,"column":24}}},"fnMap":{},"branchMap":{},"s":{"0":5,"1":5,"2":5,"3":5,"4":5,"5":5,"6":5,"7":5,"8":5,"9":5,"10":5,"11":5},"f":{},"b":{},"_coverageSchema":"1a1c01bbd47fc00a2c39e90264f33305004495a9","hash":"3fa35471ef79b032d1202bfa7ca08d201fa485f6"}
,"C:\\Users\\TUF GAMING\\Hacktiv8\\phase2\\week3\\IP-RMT63\\Server\\routes\\public.js": {"path":"C:\\Users\\TUF GAMING\\Hacktiv8\\phase2\\week3\\IP-RMT63\\Server\\routes\\public.js","statementMap":{"0":{"start":{"line":1,"column":16},"end":{"line":1,"column":34}},"1":{"start":{"line":2,"column":15},"end":{"line":2,"column":31}},"2":{"start":{"line":3,"column":25},"end":{"line":3,"column":67}},"3":{"start":{"line":4,"column":21},"end":{"line":4,"column":58}},"4":{"start":{"line":8,"column":0},"end":{"line":8,"column":50}},"5":{"start":{"line":10,"column":0},"end":{"line":10,"column":58}},"6":{"start":{"line":13,"column":0},"end":{"line":13,"column":25}},"7":{"start":{"line":15,"column":0},"end":{"line":15,"column":24}}},"fnMap":{},"branchMap":{},"s":{"0":5,"1":5,"2":5,"3":5,"4":5,"5":5,"6":5,"7":5},"f":{},"b":{},"_coverageSchema":"1a1c01bbd47fc00a2c39e90264f33305004495a9","hash":"8919d864f235ea6e4637f158dfd29c60a1f503f2"}
}
