{"C:\\Users\\TUF GAMING\\Hacktiv8\\phase2\\week3\\IP-RMT63\\Server\\app.js": {"path":"C:\\Users\\TUF GAMING\\Hacktiv8\\phase2\\week3\\IP-RMT63\\Server\\app.js","statementMap":{"0":{"start":{"line":1,"column":0},"end":{"line":1,"column":43}},"1":{"start":{"line":2,"column":0},"end":{"line":6,"column":1}},"2":{"start":{"line":5,"column":2},"end":{"line":5,"column":29}},"3":{"start":{"line":8,"column":16},"end":{"line":8,"column":34}},"4":{"start":{"line":9,"column":13},"end":{"line":9,"column":28}},"5":{"start":{"line":10,"column":12},"end":{"line":10,"column":21}},"6":{"start":{"line":11,"column":19},"end":{"line":11,"column":43}},"7":{"start":{"line":12,"column":21},"end":{"line":12,"column":47}},"8":{"start":{"line":13,"column":20},"end":{"line":13,"column":46}},"9":{"start":{"line":14,"column":22},"end":{"line":14,"column":50}},"10":{"start":{"line":15,"column":22},"end":{"line":15,"column":50}},"11":{"start":{"line":17,"column":17},"end":{"line":17,"column":39}},"12":{"start":{"line":19,"column":0},"end":{"line":19,"column":16}},"13":{"start":{"line":20,"column":0},"end":{"line":20,"column":49}},"14":{"start":{"line":31,"column":0},"end":{"line":31,"column":24}},"15":{"start":{"line":34,"column":0},"end":{"line":34,"column":29}},"16":{"start":{"line":35,"column":0},"end":{"line":35,"column":33}},"17":{"start":{"line":37,"column":0},"end":{"line":37,"column":32}},"18":{"start":{"line":38,"column":0},"end":{"line":38,"column":36}},"19":{"start":{"line":39,"column":0},"end":{"line":39,"column":36}},"20":{"start":{"line":40,"column":0},"end":{"line":40,"column":25}},"21":{"start":{"line":46,"column":0},"end":{"line":46,"column":21}}},"fnMap":{},"branchMap":{"0":{"loc":{"start":{"line":2,"column":0},"end":{"line":6,"column":1}},"type":"if","locations":[{"start":{"line":2,"column":0},"end":{"line":6,"column":1}},{"start":{},"end":{}}],"line":2}},"s":{"0":5,"1":5,"2":5,"3":5,"4":5,"5":5,"6":5,"7":5,"8":5,"9":5,"10":5,"11":5,"12":5,"13":5,"14":5,"15":5,"16":5,"17":5,"18":5,"19":5,"20":5,"21":5},"f":{},"b":{"0":[5,0]},"_coverageSchema":"1a1c01bbd47fc00a2c39e90264f33305004495a9","hash":"000d392bffbe5510c4733d45633cd435db14352c"}
,"C:\\Users\\TUF GAMING\\Hacktiv8\\phase2\\week3\\IP-RMT63\\Server\\config\\config.js": {"path":"C:\\Users\\TUF GAMING\\Hacktiv8\\phase2\\week3\\IP-RMT63\\Server\\config\\config.js","statementMap":{"0":{"start":{"line":1,"column":0},"end":{"line":1,"column":27}},"1":{"start":{"line":3,"column":0},"end":{"line":28,"column":2}}},"fnMap":{},"branchMap":{"0":{"loc":{"start":{"line":14,"column":14},"end":{"line":14,"column":57}},"type":"binary-expr","locations":[{"start":{"line":14,"column":14},"end":{"line":14,"column":38}},{"start":{"line":14,"column":42},"end":{"line":14,"column":57}}],"line":14}},"s":{"0":5,"1":5},"f":{},"b":{"0":[5,0]},"_coverageSchema":"1a1c01bbd47fc00a2c39e90264f33305004495a9","hash":"e2c7758654be329740f3ec2fa84868f138b9713a"}
,"C:\\Users\\TUF GAMING\\Hacktiv8\\phase2\\week3\\IP-RMT63\\Server\\controllers\\authController.js": {"path":"C:\\Users\\TUF GAMING\\Hacktiv8\\phase2\\week3\\IP-RMT63\\Server\\controllers\\authController.js","statementMap":{"0":{"start":{"line":1,"column":28},"end":{"line":1,"column":56}},"1":{"start":{"line":2,"column":22},"end":{"line":2,"column":47}},"2":{"start":{"line":3,"column":17},"end":{"line":3,"column":37}},"3":{"start":{"line":5,"column":25},"end":{"line":5,"column":55}},"4":{"start":{"line":6,"column":15},"end":{"line":6,"column":61}},"5":{"start":{"line":8,"column":0},"end":{"line":104,"column":2}},"6":{"start":{"line":10,"column":4},"end":{"line":25,"column":5}},"7":{"start":{"line":11,"column":46},"end":{"line":11,"column":54}},"8":{"start":{"line":13,"column":22},"end":{"line":13,"column":49}},"9":{"start":{"line":14,"column":6},"end":{"line":22,"column":9}},"10":{"start":{"line":24,"column":6},"end":{"line":24,"column":16}},"11":{"start":{"line":29,"column":32},"end":{"line":29,"column":40}},"12":{"start":{"line":30,"column":4},"end":{"line":67,"column":5}},"13":{"start":{"line":31,"column":6},"end":{"line":33,"column":7}},"14":{"start":{"line":32,"column":8},"end":{"line":32,"column":67}},"15":{"start":{"line":34,"column":25},"end":{"line":34,"column":53}},"16":{"start":{"line":35,"column":6},"end":{"line":37,"column":7}},"17":{"start":{"line":36,"column":8},"end":{"line":36,"column":70}},"18":{"start":{"line":38,"column":6},"end":{"line":40,"column":7}},"19":{"start":{"line":39,"column":8},"end":{"line":39,"column":70}},"20":{"start":{"line":41,"column":6},"end":{"line":46,"column":7}},"21":{"start":{"line":42,"column":8},"end":{"line":45,"column":10}},"22":{"start":{"line":47,"column":19},"end":{"line":47,"column":59}},"23":{"start":{"line":48,"column":6},"end":{"line":50,"column":7}},"24":{"start":{"line":49,"column":8},"end":{"line":49,"column":67}},"25":{"start":{"line":51,"column":30},"end":{"line":51,"column":70}},"26":{"start":{"line":52,"column":6},"end":{"line":54,"column":7}},"27":{"start":{"line":53,"column":8},"end":{"line":53,"column":78}},"28":{"start":{"line":55,"column":26},"end":{"line":55,"column":69}},"29":{"start":{"line":56,"column":6},"end":{"line":64,"column":9}},"30":{"start":{"line":66,"column":6},"end":{"line":66,"column":16}},"31":{"start":{"line":71,"column":25},"end":{"line":71,"column":33}},"32":{"start":{"line":72,"column":4},"end":{"line":102,"column":5}},"33":{"start":{"line":73,"column":6},"end":{"line":75,"column":7}},"34":{"start":{"line":74,"column":8},"end":{"line":74,"column":70}},"35":{"start":{"line":76,"column":21},"end":{"line":79,"column":8}},"36":{"start":{"line":80,"column":30},"end":{"line":80,"column":49}},"37":{"start":{"line":81,"column":17},"end":{"line":81,"column":57}},"38":{"start":{"line":82,"column":6},"end":{"line":89,"column":7}},"39":{"start":{"line":83,"column":8},"end":{"line":88,"column":11}},"40":{"start":{"line":90,"column":27},"end":{"line":90,"column":70}},"41":{"start":{"line":91,"column":6},"end":{"line":99,"column":9}},"42":{"start":{"line":101,"column":6},"end":{"line":101,"column":16}}},"fnMap":{"0":{"name":"(anonymous_0)","decl":{"start":{"line":9,"column":2},"end":{"line":9,"column":3}},"loc":{"start":{"line":9,"column":40},"end":{"line":26,"column":3}},"line":9},"1":{"name":"(anonymous_1)","decl":{"start":{"line":28,"column":2},"end":{"line":28,"column":3}},"loc":{"start":{"line":28,"column":37},"end":{"line":68,"column":3}},"line":28},"2":{"name":"(anonymous_2)","decl":{"start":{"line":70,"column":2},"end":{"line":70,"column":3}},"loc":{"start":{"line":70,"column":43},"end":{"line":103,"column":3}},"line":70}},"branchMap":{"0":{"loc":{"start":{"line":31,"column":6},"end":{"line":33,"column":7}},"type":"if","locations":[{"start":{"line":31,"column":6},"end":{"line":33,"column":7}},{"start":{},"end":{}}],"line":31},"1":{"loc":{"start":{"line":35,"column":6},"end":{"line":37,"column":7}},"type":"if","locations":[{"start":{"line":35,"column":6},"end":{"line":37,"column":7}},{"start":{},"end":{}}],"line":35},"2":{"loc":{"start":{"line":38,"column":6},"end":{"line":40,"column":7}},"type":"if","locations":[{"start":{"line":38,"column":6},"end":{"line":40,"column":7}},{"start":{},"end":{}}],"line":38},"3":{"loc":{"start":{"line":41,"column":6},"end":{"line":46,"column":7}},"type":"if","locations":[{"start":{"line":41,"column":6},"end":{"line":46,"column":7}},{"start":{},"end":{}}],"line":41},"4":{"loc":{"start":{"line":48,"column":6},"end":{"line":50,"column":7}},"type":"if","locations":[{"start":{"line":48,"column":6},"end":{"line":50,"column":7}},{"start":{},"end":{}}],"line":48},"5":{"loc":{"start":{"line":52,"column":6},"end":{"line":54,"column":7}},"type":"if","locations":[{"start":{"line":52,"column":6},"end":{"line":54,"column":7}},{"start":{},"end":{}}],"line":52},"6":{"loc":{"start":{"line":73,"column":6},"end":{"line":75,"column":7}},"type":"if","locations":[{"start":{"line":73,"column":6},"end":{"line":75,"column":7}},{"start":{},"end":{}}],"line":73},"7":{"loc":{"start":{"line":82,"column":6},"end":{"line":89,"column":7}},"type":"if","locations":[{"start":{"line":82,"column":6},"end":{"line":89,"column":7}},{"start":{},"end":{}}],"line":82}},"s":{"0":5,"1":5,"2":5,"3":5,"4":5,"5":5,"6":11,"7":11,"8":11,"9":1,"10":10,"11":11,"12":11,"13":11,"14":3,"15":8,"16":8,"17":1,"18":7,"19":2,"20":5,"21":1,"22":4,"23":3,"24":1,"25":2,"26":2,"27":1,"28":1,"29":1,"30":8,"31":3,"32":3,"33":3,"34":1,"35":2,"36":2,"37":2,"38":1,"39":1,"40":1,"41":1,"42":2},"f":{"0":11,"1":11,"2":3},"b":{"0":[3,8],"1":[1,7],"2":[2,5],"3":[1,4],"4":[1,2],"5":[1,1],"6":[1,2],"7":[1,0]},"_coverageSchema":"1a1c01bbd47fc00a2c39e90264f33305004495a9","hash":"34ddadc344c3140ae56a1c37c8f30f6882db5003"}
,"C:\\Users\\TUF GAMING\\Hacktiv8\\phase2\\week3\\IP-RMT63\\Server\\controllers\\bookingController.js": {"path":"C:\\Users\\TUF GAMING\\Hacktiv8\\phase2\\week3\\IP-RMT63\\Server\\controllers\\bookingController.js","statementMap":{"0":{"start":{"line":1,"column":42},"end":{"line":1,"column":62}},"1":{"start":{"line":3,"column":0},"end":{"line":132,"column":2}},"2":{"start":{"line":6,"column":4},"end":{"line":24,"column":5}},"3":{"start":{"line":7,"column":21},"end":{"line":7,"column":32}},"4":{"start":{"line":9,"column":23},"end":{"line":19,"column":8}},"5":{"start":{"line":20,"column":6},"end":{"line":20,"column":37}},"6":{"start":{"line":23,"column":6},"end":{"line":23,"column":16}},"7":{"start":{"line":28,"column":4},"end":{"line":52,"column":5}},"8":{"start":{"line":29,"column":25},"end":{"line":29,"column":34}},"9":{"start":{"line":31,"column":22},"end":{"line":40,"column":7}},"10":{"start":{"line":43,"column":6},"end":{"line":46,"column":7}},"11":{"start":{"line":44,"column":8},"end":{"line":44,"column":35}},"12":{"start":{"line":48,"column":23},"end":{"line":48,"column":53}},"13":{"start":{"line":49,"column":6},"end":{"line":49,"column":37}},"14":{"start":{"line":51,"column":6},"end":{"line":51,"column":16}},"15":{"start":{"line":56,"column":4},"end":{"line":69,"column":5}},"16":{"start":{"line":57,"column":21},"end":{"line":57,"column":32}},"17":{"start":{"line":58,"column":52},"end":{"line":58,"column":60}},"18":{"start":{"line":59,"column":22},"end":{"line":65,"column":8}},"19":{"start":{"line":66,"column":6},"end":{"line":66,"column":68}},"20":{"start":{"line":68,"column":6},"end":{"line":68,"column":16}},"21":{"start":{"line":73,"column":4},"end":{"line":96,"column":5}},"22":{"start":{"line":74,"column":21},"end":{"line":74,"column":31}},"23":{"start":{"line":75,"column":51},"end":{"line":75,"column":59}},"24":{"start":{"line":76,"column":22},"end":{"line":76,"column":48}},"25":{"start":{"line":77,"column":6},"end":{"line":77,"column":77}},"26":{"start":{"line":77,"column":20},"end":{"line":77,"column":77}},"27":{"start":{"line":79,"column":6},"end":{"line":84,"column":7}},"28":{"start":{"line":80,"column":8},"end":{"line":83,"column":10}},"29":{"start":{"line":86,"column":6},"end":{"line":91,"column":9}},"30":{"start":{"line":93,"column":6},"end":{"line":93,"column":59}},"31":{"start":{"line":95,"column":6},"end":{"line":95,"column":16}},"32":{"start":{"line":100,"column":4},"end":{"line":118,"column":5}},"33":{"start":{"line":101,"column":21},"end":{"line":101,"column":31}},"34":{"start":{"line":102,"column":25},"end":{"line":102,"column":33}},"35":{"start":{"line":104,"column":22},"end":{"line":104,"column":48}},"36":{"start":{"line":105,"column":6},"end":{"line":105,"column":77}},"37":{"start":{"line":105,"column":20},"end":{"line":105,"column":77}},"38":{"start":{"line":108,"column":28},"end":{"line":108,"column":64}},"39":{"start":{"line":109,"column":6},"end":{"line":111,"column":7}},"40":{"start":{"line":110,"column":8},"end":{"line":110,"column":70}},"41":{"start":{"line":113,"column":6},"end":{"line":113,"column":39}},"42":{"start":{"line":115,"column":6},"end":{"line":115,"column":75}},"43":{"start":{"line":117,"column":6},"end":{"line":117,"column":16}},"44":{"start":{"line":122,"column":4},"end":{"line":130,"column":5}},"45":{"start":{"line":123,"column":21},"end":{"line":123,"column":31}},"46":{"start":{"line":124,"column":22},"end":{"line":124,"column":48}},"47":{"start":{"line":125,"column":6},"end":{"line":125,"column":77}},"48":{"start":{"line":125,"column":20},"end":{"line":125,"column":77}},"49":{"start":{"line":126,"column":6},"end":{"line":126,"column":30}},"50":{"start":{"line":127,"column":6},"end":{"line":127,"column":59}},"51":{"start":{"line":129,"column":6},"end":{"line":129,"column":16}}},"fnMap":{"0":{"name":"(anonymous_0)","decl":{"start":{"line":5,"column":2},"end":{"line":5,"column":3}},"loc":{"start":{"line":5,"column":45},"end":{"line":25,"column":3}},"line":5},"1":{"name":"(anonymous_1)","decl":{"start":{"line":27,"column":2},"end":{"line":27,"column":3}},"loc":{"start":{"line":27,"column":46},"end":{"line":53,"column":3}},"line":27},"2":{"name":"(anonymous_2)","decl":{"start":{"line":55,"column":2},"end":{"line":55,"column":3}},"loc":{"start":{"line":55,"column":45},"end":{"line":70,"column":3}},"line":55},"3":{"name":"(anonymous_3)","decl":{"start":{"line":72,"column":2},"end":{"line":72,"column":3}},"loc":{"start":{"line":72,"column":45},"end":{"line":97,"column":3}},"line":72},"4":{"name":"(anonymous_4)","decl":{"start":{"line":99,"column":2},"end":{"line":99,"column":3}},"loc":{"start":{"line":99,"column":51},"end":{"line":119,"column":3}},"line":99},"5":{"name":"(anonymous_5)","decl":{"start":{"line":121,"column":2},"end":{"line":121,"column":3}},"loc":{"start":{"line":121,"column":45},"end":{"line":131,"column":3}},"line":121}},"branchMap":{"0":{"loc":{"start":{"line":43,"column":6},"end":{"line":46,"column":7}},"type":"if","locations":[{"start":{"line":43,"column":6},"end":{"line":46,"column":7}},{"start":{},"end":{}}],"line":43},"1":{"loc":{"start":{"line":77,"column":6},"end":{"line":77,"column":77}},"type":"if","locations":[{"start":{"line":77,"column":6},"end":{"line":77,"column":77}},{"start":{},"end":{}}],"line":77},"2":{"loc":{"start":{"line":79,"column":6},"end":{"line":84,"column":7}},"type":"if","locations":[{"start":{"line":79,"column":6},"end":{"line":84,"column":7}},{"start":{},"end":{}}],"line":79},"3":{"loc":{"start":{"line":87,"column":14},"end":{"line":87,"column":34}},"type":"binary-expr","locations":[{"start":{"line":87,"column":14},"end":{"line":87,"column":18}},{"start":{"line":87,"column":22},"end":{"line":87,"column":34}}],"line":87},"4":{"loc":{"start":{"line":88,"column":19},"end":{"line":88,"column":49}},"type":"binary-expr","locations":[{"start":{"line":88,"column":19},"end":{"line":88,"column":28}},{"start":{"line":88,"column":32},"end":{"line":88,"column":49}}],"line":88},"5":{"loc":{"start":{"line":89,"column":17},"end":{"line":89,"column":43}},"type":"binary-expr","locations":[{"start":{"line":89,"column":17},"end":{"line":89,"column":24}},{"start":{"line":89,"column":28},"end":{"line":89,"column":43}}],"line":89},"6":{"loc":{"start":{"line":90,"column":16},"end":{"line":90,"column":40}},"type":"binary-expr","locations":[{"start":{"line":90,"column":16},"end":{"line":90,"column":22}},{"start":{"line":90,"column":26},"end":{"line":90,"column":40}}],"line":90},"7":{"loc":{"start":{"line":105,"column":6},"end":{"line":105,"column":77}},"type":"if","locations":[{"start":{"line":105,"column":6},"end":{"line":105,"column":77}},{"start":{},"end":{}}],"line":105},"8":{"loc":{"start":{"line":109,"column":6},"end":{"line":111,"column":7}},"type":"if","locations":[{"start":{"line":109,"column":6},"end":{"line":111,"column":7}},{"start":{},"end":{}}],"line":109},"9":{"loc":{"start":{"line":125,"column":6},"end":{"line":125,"column":77}},"type":"if","locations":[{"start":{"line":125,"column":6},"end":{"line":125,"column":77}},{"start":{},"end":{}}],"line":125}},"s":{"0":5,"1":5,"2":1,"3":1,"4":1,"5":1,"6":0,"7":0,"8":0,"9":0,"10":0,"11":0,"12":0,"13":0,"14":0,"15":4,"16":4,"17":4,"18":4,"19":3,"20":1,"21":0,"22":0,"23":0,"24":0,"25":0,"26":0,"27":0,"28":0,"29":0,"30":0,"31":0,"32":2,"33":2,"34":2,"35":2,"36":2,"37":1,"38":1,"39":1,"40":0,"41":1,"42":1,"43":1,"44":2,"45":2,"46":2,"47":2,"48":1,"49":1,"50":1,"51":1},"f":{"0":1,"1":0,"2":4,"3":0,"4":2,"5":2},"b":{"0":[0,0],"1":[0,0],"2":[0,0],"3":[0,0],"4":[0,0],"5":[0,0],"6":[0,0],"7":[1,1],"8":[0,1],"9":[1,1]},"_coverageSchema":"1a1c01bbd47fc00a2c39e90264f33305004495a9","hash":"1dc691f8031b0b9b7a57468f7b257a66c9c49eb8"}
,"C:\\Users\\TUF GAMING\\Hacktiv8\\phase2\\week3\\IP-RMT63\\Server\\controllers\\courtController.js": {"path":"C:\\Users\\TUF GAMING\\Hacktiv8\\phase2\\week3\\IP-RMT63\\Server\\controllers\\courtController.js","statementMap":{"0":{"start":{"line":1,"column":18},"end":{"line":1,"column":38}},"1":{"start":{"line":3,"column":0},"end":{"line":84,"column":2}},"2":{"start":{"line":5,"column":4},"end":{"line":14,"column":5}},"3":{"start":{"line":6,"column":33},"end":{"line":6,"column":42}},"4":{"start":{"line":8,"column":21},"end":{"line":10,"column":8}},"5":{"start":{"line":11,"column":6},"end":{"line":11,"column":35}},"6":{"start":{"line":13,"column":6},"end":{"line":13,"column":16}},"7":{"start":{"line":18,"column":4},"end":{"line":27,"column":5}},"8":{"start":{"line":19,"column":22},"end":{"line":19,"column":35}},"9":{"start":{"line":20,"column":20},"end":{"line":20,"column":49}},"10":{"start":{"line":21,"column":6},"end":{"line":23,"column":7}},"11":{"start":{"line":22,"column":8},"end":{"line":22,"column":63}},"12":{"start":{"line":24,"column":6},"end":{"line":24,"column":34}},"13":{"start":{"line":26,"column":6},"end":{"line":26,"column":16}},"14":{"start":{"line":31,"column":4},"end":{"line":45,"column":5}},"15":{"start":{"line":33,"column":8},"end":{"line":33,"column":16}},"16":{"start":{"line":34,"column":23},"end":{"line":41,"column":8}},"17":{"start":{"line":42,"column":6},"end":{"line":42,"column":37}},"18":{"start":{"line":44,"column":6},"end":{"line":44,"column":16}},"19":{"start":{"line":49,"column":4},"end":{"line":68,"column":5}},"20":{"start":{"line":50,"column":22},"end":{"line":50,"column":35}},"21":{"start":{"line":52,"column":8},"end":{"line":52,"column":16}},"22":{"start":{"line":53,"column":20},"end":{"line":53,"column":49}},"23":{"start":{"line":54,"column":6},"end":{"line":56,"column":7}},"24":{"start":{"line":55,"column":8},"end":{"line":55,"column":63}},"25":{"start":{"line":57,"column":6},"end":{"line":64,"column":9}},"26":{"start":{"line":65,"column":6},"end":{"line":65,"column":70}},"27":{"start":{"line":67,"column":6},"end":{"line":67,"column":16}},"28":{"start":{"line":72,"column":4},"end":{"line":82,"column":5}},"29":{"start":{"line":73,"column":22},"end":{"line":73,"column":35}},"30":{"start":{"line":74,"column":20},"end":{"line":74,"column":49}},"31":{"start":{"line":75,"column":6},"end":{"line":77,"column":7}},"32":{"start":{"line":76,"column":8},"end":{"line":76,"column":63}},"33":{"start":{"line":78,"column":6},"end":{"line":78,"column":28}},"34":{"start":{"line":79,"column":6},"end":{"line":79,"column":70}},"35":{"start":{"line":81,"column":6},"end":{"line":81,"column":16}}},"fnMap":{"0":{"name":"(anonymous_0)","decl":{"start":{"line":4,"column":2},"end":{"line":4,"column":3}},"loc":{"start":{"line":4,"column":44},"end":{"line":15,"column":3}},"line":4},"1":{"name":"(anonymous_1)","decl":{"start":{"line":17,"column":2},"end":{"line":17,"column":3}},"loc":{"start":{"line":17,"column":44},"end":{"line":28,"column":3}},"line":17},"2":{"name":"(anonymous_2)","decl":{"start":{"line":30,"column":2},"end":{"line":30,"column":3}},"loc":{"start":{"line":30,"column":43},"end":{"line":46,"column":3}},"line":30},"3":{"name":"(anonymous_3)","decl":{"start":{"line":48,"column":2},"end":{"line":48,"column":3}},"loc":{"start":{"line":48,"column":43},"end":{"line":69,"column":3}},"line":48},"4":{"name":"(anonymous_4)","decl":{"start":{"line":71,"column":2},"end":{"line":71,"column":3}},"loc":{"start":{"line":71,"column":43},"end":{"line":83,"column":3}},"line":71}},"branchMap":{"0":{"loc":{"start":{"line":6,"column":14},"end":{"line":6,"column":28}},"type":"default-arg","locations":[{"start":{"line":6,"column":22},"end":{"line":6,"column":28}}],"line":6},"1":{"loc":{"start":{"line":21,"column":6},"end":{"line":23,"column":7}},"type":"if","locations":[{"start":{"line":21,"column":6},"end":{"line":23,"column":7}},{"start":{},"end":{}}],"line":21},"2":{"loc":{"start":{"line":54,"column":6},"end":{"line":56,"column":7}},"type":"if","locations":[{"start":{"line":54,"column":6},"end":{"line":56,"column":7}},{"start":{},"end":{}}],"line":54},"3":{"loc":{"start":{"line":75,"column":6},"end":{"line":77,"column":7}},"type":"if","locations":[{"start":{"line":75,"column":6},"end":{"line":77,"column":7}},{"start":{},"end":{}}],"line":75}},"s":{"0":5,"1":5,"2":0,"3":0,"4":0,"5":0,"6":0,"7":0,"8":0,"9":0,"10":0,"11":0,"12":0,"13":0,"14":0,"15":0,"16":0,"17":0,"18":0,"19":0,"20":0,"21":0,"22":0,"23":0,"24":0,"25":0,"26":0,"27":0,"28":0,"29":0,"30":0,"31":0,"32":0,"33":0,"34":0,"35":0},"f":{"0":0,"1":0,"2":0,"3":0,"4":0},"b":{"0":[0],"1":[0,0],"2":[0,0],"3":[0,0]},"_coverageSchema":"1a1c01bbd47fc00a2c39e90264f33305004495a9","hash":"5b396bb67d5c7bbe9ca888b3fbb81f043d3b9923"}
,"C:\\Users\\TUF GAMING\\Hacktiv8\\phase2\\week3\\IP-RMT63\\Server\\controllers\\paymentController.js": {"path":"C:\\Users\\TUF GAMING\\Hacktiv8\\phase2\\week3\\IP-RMT63\\Server\\controllers\\paymentController.js","statementMap":{"0":{"start":{"line":1,"column":36},"end":{"line":1,"column":56}},"1":{"start":{"line":2,"column":23},"end":{"line":2,"column":49}},"2":{"start":{"line":3,"column":22},"end":{"line":3,"column":47}},"3":{"start":{"line":4,"column":19},"end":{"line":4,"column":39}},"4":{"start":{"line":5,"column":14},"end":{"line":5,"column":30}},"5":{"start":{"line":6,"column":14},"end":{"line":6,"column":30}},"6":{"start":{"line":8,"column":0},"end":{"line":354,"column":2}},"7":{"start":{"line":211,"column":4},"end":{"line":299,"column":5}},"8":{"start":{"line":212,"column":6},"end":{"line":217,"column":7}},"9":{"start":{"line":213,"column":8},"end":{"line":216,"column":10}},"10":{"start":{"line":218,"column":6},"end":{"line":218,"column":75}},"11":{"start":{"line":219,"column":17},"end":{"line":224,"column":8}},"12":{"start":{"line":225,"column":6},"end":{"line":225,"column":45}},"13":{"start":{"line":226,"column":28},"end":{"line":226,"column":36}},"14":{"start":{"line":227,"column":6},"end":{"line":229,"column":7}},"15":{"start":{"line":228,"column":8},"end":{"line":228,"column":73}},"16":{"start":{"line":230,"column":6},"end":{"line":230,"column":43}},"17":{"start":{"line":231,"column":6},"end":{"line":231,"column":53}},"18":{"start":{"line":232,"column":6},"end":{"line":234,"column":7}},"19":{"start":{"line":233,"column":8},"end":{"line":233,"column":74}},"20":{"start":{"line":237,"column":22},"end":{"line":242,"column":8}},"21":{"start":{"line":244,"column":6},"end":{"line":246,"column":7}},"22":{"start":{"line":245,"column":8},"end":{"line":245,"column":70}},"23":{"start":{"line":248,"column":22},"end":{"line":248,"column":78}},"24":{"start":{"line":249,"column":6},"end":{"line":251,"column":7}},"25":{"start":{"line":250,"column":8},"end":{"line":250,"column":79}},"26":{"start":{"line":252,"column":21},"end":{"line":252,"column":26}},"27":{"start":{"line":253,"column":22},"end":{"line":268,"column":7}},"28":{"start":{"line":270,"column":6},"end":{"line":284,"column":7}},"29":{"start":{"line":272,"column":8},"end":{"line":272,"column":62}},"30":{"start":{"line":273,"column":8},"end":{"line":273,"column":70}},"31":{"start":{"line":275,"column":8},"end":{"line":279,"column":9}},"32":{"start":{"line":276,"column":10},"end":{"line":278,"column":12}},"33":{"start":{"line":282,"column":8},"end":{"line":282,"column":76}},"34":{"start":{"line":283,"column":8},"end":{"line":283,"column":18}},"35":{"start":{"line":285,"column":29},"end":{"line":285,"column":46}},"36":{"start":{"line":288,"column":6},"end":{"line":292,"column":9}},"37":{"start":{"line":294,"column":6},"end":{"line":294,"column":72}},"38":{"start":{"line":296,"column":6},"end":{"line":296,"column":52}},"39":{"start":{"line":297,"column":6},"end":{"line":297,"column":40}},"40":{"start":{"line":298,"column":6},"end":{"line":298,"column":16}},"41":{"start":{"line":304,"column":4},"end":{"line":352,"column":5}},"42":{"start":{"line":305,"column":26},"end":{"line":305,"column":34}},"43":{"start":{"line":308,"column":20},"end":{"line":312,"column":8}},"44":{"start":{"line":313,"column":6},"end":{"line":315,"column":7}},"45":{"start":{"line":314,"column":8},"end":{"line":314,"column":68}},"46":{"start":{"line":316,"column":6},"end":{"line":316,"column":38}},"47":{"start":{"line":317,"column":6},"end":{"line":317,"column":43}},"48":{"start":{"line":318,"column":6},"end":{"line":318,"column":70}},"49":{"start":{"line":320,"column":6},"end":{"line":322,"column":7}},"50":{"start":{"line":321,"column":8},"end":{"line":321,"column":77}},"51":{"start":{"line":324,"column":24},"end":{"line":324,"column":55}},"52":{"start":{"line":325,"column":30},"end":{"line":325,"column":77}},"53":{"start":{"line":326,"column":6},"end":{"line":326,"column":61}},"54":{"start":{"line":327,"column":23},"end":{"line":334,"column":7}},"55":{"start":{"line":335,"column":6},"end":{"line":335,"column":49}},"56":{"start":{"line":337,"column":6},"end":{"line":349,"column":7}},"57":{"start":{"line":339,"column":8},"end":{"line":342,"column":11}},"58":{"start":{"line":343,"column":8},"end":{"line":343,"column":75}},"59":{"start":{"line":345,"column":8},"end":{"line":348,"column":11}},"60":{"start":{"line":351,"column":6},"end":{"line":351,"column":16}}},"fnMap":{"0":{"name":"(anonymous_0)","decl":{"start":{"line":210,"column":2},"end":{"line":210,"column":3}},"loc":{"start":{"line":210,"column":51},"end":{"line":300,"column":3}},"line":210},"1":{"name":"(anonymous_1)","decl":{"start":{"line":302,"column":2},"end":{"line":302,"column":3}},"loc":{"start":{"line":302,"column":46},"end":{"line":353,"column":3}},"line":302}},"branchMap":{"0":{"loc":{"start":{"line":212,"column":6},"end":{"line":217,"column":7}},"type":"if","locations":[{"start":{"line":212,"column":6},"end":{"line":217,"column":7}},{"start":{},"end":{}}],"line":212},"1":{"loc":{"start":{"line":227,"column":6},"end":{"line":229,"column":7}},"type":"if","locations":[{"start":{"line":227,"column":6},"end":{"line":229,"column":7}},{"start":{},"end":{}}],"line":227},"2":{"loc":{"start":{"line":232,"column":6},"end":{"line":234,"column":7}},"type":"if","locations":[{"start":{"line":232,"column":6},"end":{"line":234,"column":7}},{"start":{},"end":{}}],"line":232},"3":{"loc":{"start":{"line":244,"column":6},"end":{"line":246,"column":7}},"type":"if","locations":[{"start":{"line":244,"column":6},"end":{"line":246,"column":7}},{"start":{},"end":{}}],"line":244},"4":{"loc":{"start":{"line":249,"column":6},"end":{"line":251,"column":7}},"type":"if","locations":[{"start":{"line":249,"column":6},"end":{"line":251,"column":7}},{"start":{},"end":{}}],"line":249},"5":{"loc":{"start":{"line":275,"column":8},"end":{"line":279,"column":9}},"type":"if","locations":[{"start":{"line":275,"column":8},"end":{"line":279,"column":9}},{"start":{},"end":{}}],"line":275},"6":{"loc":{"start":{"line":282,"column":41},"end":{"line":282,"column":74}},"type":"binary-expr","locations":[{"start":{"line":282,"column":41},"end":{"line":282,"column":59}},{"start":{"line":282,"column":63},"end":{"line":282,"column":74}}],"line":282},"7":{"loc":{"start":{"line":313,"column":6},"end":{"line":315,"column":7}},"type":"if","locations":[{"start":{"line":313,"column":6},"end":{"line":315,"column":7}},{"start":{},"end":{}}],"line":313},"8":{"loc":{"start":{"line":320,"column":6},"end":{"line":322,"column":7}},"type":"if","locations":[{"start":{"line":320,"column":6},"end":{"line":322,"column":7}},{"start":{},"end":{}}],"line":320},"9":{"loc":{"start":{"line":337,"column":6},"end":{"line":349,"column":7}},"type":"if","locations":[{"start":{"line":337,"column":6},"end":{"line":349,"column":7}},{"start":{"line":344,"column":13},"end":{"line":349,"column":7}}],"line":337},"10":{"loc":{"start":{"line":337,"column":10},"end":{"line":337,"column":77}},"type":"binary-expr","locations":[{"start":{"line":337,"column":10},"end":{"line":337,"column":47}},{"start":{"line":337,"column":51},"end":{"line":337,"column":77}}],"line":337}},"s":{"0":5,"1":5,"2":5,"3":5,"4":5,"5":5,"6":5,"7":0,"8":0,"9":0,"10":0,"11":0,"12":0,"13":0,"14":0,"15":0,"16":0,"17":0,"18":0,"19":0,"20":0,"21":0,"22":0,"23":0,"24":0,"25":0,"26":0,"27":0,"28":0,"29":0,"30":0,"31":0,"32":0,"33":0,"34":0,"35":0,"36":0,"37":0,"38":0,"39":0,"40":0,"41":0,"42":0,"43":0,"44":0,"45":0,"46":0,"47":0,"48":0,"49":0,"50":0,"51":0,"52":0,"53":0,"54":0,"55":0,"56":0,"57":0,"58":0,"59":0,"60":0},"f":{"0":0,"1":0},"b":{"0":[0,0],"1":[0,0],"2":[0,0],"3":[0,0],"4":[0,0],"5":[0,0],"6":[0,0],"7":[0,0],"8":[0,0],"9":[0,0],"10":[0,0]},"_coverageSchema":"1a1c01bbd47fc00a2c39e90264f33305004495a9","hash":"9a834d3f94c5af2ccc8ca27831029f70ef3d6d26"}
,"C:\\Users\\TUF GAMING\\Hacktiv8\\phase2\\week3\\IP-RMT63\\Server\\controllers\\publicController.js": {"path":"C:\\Users\\TUF GAMING\\Hacktiv8\\phase2\\week3\\IP-RMT63\\Server\\controllers\\publicController.js","statementMap":{"0":{"start":{"line":1,"column":18},"end":{"line":1,"column":38}},"1":{"start":{"line":2,"column":15},"end":{"line":2,"column":35}},"2":{"start":{"line":4,"column":0},"end":{"line":52,"column":2}},"3":{"start":{"line":6,"column":4},"end":{"line":37,"column":5}},"4":{"start":{"line":7,"column":62},"end":{"line":7,"column":71}},"5":{"start":{"line":8,"column":20},"end":{"line":8,"column":22}},"6":{"start":{"line":10,"column":6},"end":{"line":15,"column":7}},"7":{"start":{"line":11,"column":8},"end":{"line":14,"column":10}},"8":{"start":{"line":17,"column":6},"end":{"line":19,"column":7}},"9":{"start":{"line":18,"column":8},"end":{"line":18,"column":57}},"10":{"start":{"line":21,"column":21},"end":{"line":21,"column":39}},"11":{"start":{"line":22,"column":30},"end":{"line":26,"column":8}},"12":{"start":{"line":27,"column":6},"end":{"line":34,"column":9}},"13":{"start":{"line":36,"column":6},"end":{"line":36,"column":16}},"14":{"start":{"line":41,"column":4},"end":{"line":50,"column":5}},"15":{"start":{"line":42,"column":22},"end":{"line":42,"column":35}},"16":{"start":{"line":43,"column":20},"end":{"line":43,"column":49}},"17":{"start":{"line":44,"column":6},"end":{"line":46,"column":7}},"18":{"start":{"line":45,"column":8},"end":{"line":45,"column":63}},"19":{"start":{"line":47,"column":6},"end":{"line":47,"column":34}},"20":{"start":{"line":49,"column":6},"end":{"line":49,"column":16}}},"fnMap":{"0":{"name":"(anonymous_0)","decl":{"start":{"line":5,"column":2},"end":{"line":5,"column":3}},"loc":{"start":{"line":5,"column":41},"end":{"line":38,"column":3}},"line":5},"1":{"name":"(anonymous_1)","decl":{"start":{"line":40,"column":2},"end":{"line":40,"column":3}},"loc":{"start":{"line":40,"column":45},"end":{"line":51,"column":3}},"line":40}},"branchMap":{"0":{"loc":{"start":{"line":7,"column":14},"end":{"line":7,"column":25}},"type":"default-arg","locations":[{"start":{"line":7,"column":23},"end":{"line":7,"column":25}}],"line":7},"1":{"loc":{"start":{"line":7,"column":37},"end":{"line":7,"column":45}},"type":"default-arg","locations":[{"start":{"line":7,"column":44},"end":{"line":7,"column":45}}],"line":7},"2":{"loc":{"start":{"line":7,"column":47},"end":{"line":7,"column":57}},"type":"default-arg","locations":[{"start":{"line":7,"column":55},"end":{"line":7,"column":57}}],"line":7},"3":{"loc":{"start":{"line":10,"column":6},"end":{"line":15,"column":7}},"type":"if","locations":[{"start":{"line":10,"column":6},"end":{"line":15,"column":7}},{"start":{},"end":{}}],"line":10},"4":{"loc":{"start":{"line":10,"column":10},"end":{"line":10,"column":29}},"type":"binary-expr","locations":[{"start":{"line":10,"column":10},"end":{"line":10,"column":16}},{"start":{"line":10,"column":20},"end":{"line":10,"column":29}}],"line":10},"5":{"loc":{"start":{"line":17,"column":6},"end":{"line":19,"column":7}},"type":"if","locations":[{"start":{"line":17,"column":6},"end":{"line":19,"column":7}},{"start":{},"end":{}}],"line":17},"6":{"loc":{"start":{"line":44,"column":6},"end":{"line":46,"column":7}},"type":"if","locations":[{"start":{"line":44,"column":6},"end":{"line":46,"column":7}},{"start":{},"end":{}}],"line":44}},"s":{"0":5,"1":5,"2":5,"3":3,"4":3,"5":3,"6":3,"7":1,"8":3,"9":1,"10":3,"11":3,"12":3,"13":0,"14":2,"15":2,"16":2,"17":2,"18":1,"19":1,"20":1},"f":{"0":3,"1":2},"b":{"0":[2],"1":[3],"2":[3],"3":[1,2],"4":[3,1],"5":[1,2],"6":[1,1]},"_coverageSchema":"1a1c01bbd47fc00a2c39e90264f33305004495a9","hash":"836d120fbdc707bb804bde9c2ef78efd96fc6b93"}
,"C:\\Users\\TUF GAMING\\Hacktiv8\\phase2\\week3\\IP-RMT63\\Server\\helpers\\AskGemini.js": {"path":"C:\\Users\\TUF GAMING\\Hacktiv8\\phase2\\week3\\IP-RMT63\\Server\\helpers\\AskGemini.js","statementMap":{"0":{"start":{"line":1,"column":31},"end":{"line":1,"column":63}},"1":{"start":{"line":2,"column":0},"end":{"line":2,"column":27}},"2":{"start":{"line":4,"column":14},"end":{"line":4,"column":70}},"3":{"start":{"line":7,"column":2},"end":{"line":7,"column":40}},"4":{"start":{"line":9,"column":16},"end":{"line":9,"column":78}},"5":{"start":{"line":11,"column":17},"end":{"line":11,"column":52}},"6":{"start":{"line":12,"column":19},"end":{"line":12,"column":40}},"7":{"start":{"line":13,"column":2},"end":{"line":13,"column":25}},"8":{"start":{"line":16,"column":0},"end":{"line":16,"column":31}}},"fnMap":{"0":{"name":"askGemini","decl":{"start":{"line":6,"column":15},"end":{"line":6,"column":24}},"loc":{"start":{"line":6,"column":33},"end":{"line":14,"column":1}},"line":6}},"branchMap":{},"s":{"0":5,"1":5,"2":5,"3":0,"4":0,"5":0,"6":0,"7":0,"8":5},"f":{"0":0},"b":{},"_coverageSchema":"1a1c01bbd47fc00a2c39e90264f33305004495a9","hash":"d6530c02749668a084964f534c0f38b9e11d8c6f"}
,"C:\\Users\\TUF GAMING\\Hacktiv8\\phase2\\week3\\IP-RMT63\\Server\\helpers\\bcrypt.js": {"path":"C:\\Users\\TUF GAMING\\Hacktiv8\\phase2\\week3\\IP-RMT63\\Server\\helpers\\bcrypt.js","statementMap":{"0":{"start":{"line":1,"column":15},"end":{"line":1,"column":34}},"1":{"start":{"line":3,"column":21},"end":{"line":6,"column":1}},"2":{"start":{"line":4,"column":15},"end":{"line":4,"column":37}},"3":{"start":{"line":5,"column":2},"end":{"line":5,"column":41}},"4":{"start":{"line":8,"column":24},"end":{"line":10,"column":1}},"5":{"start":{"line":9,"column":2},"end":{"line":9,"column":59}},"6":{"start":{"line":12,"column":0},"end":{"line":15,"column":2}}},"fnMap":{"0":{"name":"(anonymous_0)","decl":{"start":{"line":3,"column":21},"end":{"line":3,"column":22}},"loc":{"start":{"line":3,"column":35},"end":{"line":6,"column":1}},"line":3},"1":{"name":"(anonymous_1)","decl":{"start":{"line":8,"column":24},"end":{"line":8,"column":25}},"loc":{"start":{"line":8,"column":59},"end":{"line":10,"column":1}},"line":8}},"branchMap":{},"s":{"0":5,"1":5,"2":6,"3":6,"4":5,"5":2,"6":5},"f":{"0":6,"1":2},"b":{},"_coverageSchema":"1a1c01bbd47fc00a2c39e90264f33305004495a9","hash":"50033d76ca0fbc6531fbc83e95a9f0e4ccf68e1a"}
,"C:\\Users\\TUF GAMING\\Hacktiv8\\phase2\\week3\\IP-RMT63\\Server\\helpers\\jwt.js": {"path":"C:\\Users\\TUF GAMING\\Hacktiv8\\phase2\\week3\\IP-RMT63\\Server\\helpers\\jwt.js","statementMap":{"0":{"start":{"line":1,"column":12},"end":{"line":1,"column":35}},"1":{"start":{"line":2,"column":15},"end":{"line":2,"column":54}},"2":{"start":{"line":5,"column":2},"end":{"line":5,"column":35}},"3":{"start":{"line":9,"column":2},"end":{"line":9,"column":35}},"4":{"start":{"line":12,"column":0},"end":{"line":12,"column":44}}},"fnMap":{"0":{"name":"signToken","decl":{"start":{"line":4,"column":9},"end":{"line":4,"column":18}},"loc":{"start":{"line":4,"column":28},"end":{"line":6,"column":1}},"line":4},"1":{"name":"verifyToken","decl":{"start":{"line":8,"column":9},"end":{"line":8,"column":20}},"loc":{"start":{"line":8,"column":28},"end":{"line":10,"column":1}},"line":8}},"branchMap":{"0":{"loc":{"start":{"line":2,"column":15},"end":{"line":2,"column":54}},"type":"binary-expr","locations":[{"start":{"line":2,"column":15},"end":{"line":2,"column":37}},{"start":{"line":2,"column":41},"end":{"line":2,"column":54}}],"line":2}},"s":{"0":5,"1":5,"2":5,"3":17,"4":5},"f":{"0":5,"1":17},"b":{"0":[5,0]},"_coverageSchema":"1a1c01bbd47fc00a2c39e90264f33305004495a9","hash":"6534b0e08bd4f7fb38c59fd983a0fd6f33d5ee48"}
,"C:\\Users\\TUF GAMING\\Hacktiv8\\phase2\\week3\\IP-RMT63\\Server\\middleware\\authentication.js": {"path":"C:\\Users\\TUF GAMING\\Hacktiv8\\phase2\\week3\\IP-RMT63\\Server\\middleware\\authentication.js","statementMap":{"0":{"start":{"line":1,"column":17},"end":{"line":1,"column":37}},"1":{"start":{"line":2,"column":24},"end":{"line":2,"column":49}},"2":{"start":{"line":5,"column":0},"end":{"line":32,"column":2}},"3":{"start":{"line":7,"column":2},"end":{"line":7,"column":39}},"4":{"start":{"line":8,"column":22},"end":{"line":8,"column":47}},"5":{"start":{"line":9,"column":2},"end":{"line":9,"column":55}},"6":{"start":{"line":10,"column":2},"end":{"line":13,"column":3}},"7":{"start":{"line":11,"column":4},"end":{"line":11,"column":61}},"8":{"start":{"line":12,"column":4},"end":{"line":12,"column":11}},"9":{"start":{"line":14,"column":23},"end":{"line":14,"column":48}},"10":{"start":{"line":16,"column":2},"end":{"line":31,"column":3}},"11":{"start":{"line":18,"column":17},"end":{"line":18,"column":42}},"12":{"start":{"line":20,"column":17},"end":{"line":20,"column":45}},"13":{"start":{"line":22,"column":4},"end":{"line":24,"column":5}},"14":{"start":{"line":23,"column":6},"end":{"line":23,"column":63}},"15":{"start":{"line":26,"column":4},"end":{"line":26,"column":20}},"16":{"start":{"line":28,"column":4},"end":{"line":28,"column":11}},"17":{"start":{"line":30,"column":4},"end":{"line":30,"column":14}}},"fnMap":{"0":{"name":"authentication","decl":{"start":{"line":5,"column":32},"end":{"line":5,"column":46}},"loc":{"start":{"line":5,"column":63},"end":{"line":32,"column":1}},"line":5}},"branchMap":{"0":{"loc":{"start":{"line":10,"column":2},"end":{"line":13,"column":3}},"type":"if","locations":[{"start":{"line":10,"column":2},"end":{"line":13,"column":3}},{"start":{},"end":{}}],"line":10},"1":{"loc":{"start":{"line":22,"column":4},"end":{"line":24,"column":5}},"type":"if","locations":[{"start":{"line":22,"column":4},"end":{"line":24,"column":5}},{"start":{},"end":{}}],"line":22}},"s":{"0":5,"1":5,"2":5,"3":26,"4":26,"5":26,"6":26,"7":9,"8":9,"9":17,"10":17,"11":17,"12":17,"13":17,"14":0,"15":17,"16":17,"17":0},"f":{"0":26},"b":{"0":[9,17],"1":[0,17]},"_coverageSchema":"1a1c01bbd47fc00a2c39e90264f33305004495a9","hash":"14da77e1df980b8d157f31c0d8ba2fda6ae487e4"}
,"C:\\Users\\TUF GAMING\\Hacktiv8\\phase2\\week3\\IP-RMT63\\Server\\middleware\\errorHandler.js": {"path":"C:\\Users\\TUF GAMING\\Hacktiv8\\phase2\\week3\\IP-RMT63\\Server\\middleware\\errorHandler.js","statementMap":{"0":{"start":{"line":1,"column":0},"end":{"line":17,"column":2}},"1":{"start":{"line":2,"column":2},"end":{"line":16,"column":3}},"2":{"start":{"line":3,"column":4},"end":{"line":3,"column":51}},"3":{"start":{"line":4,"column":9},"end":{"line":16,"column":3}},"4":{"start":{"line":5,"column":4},"end":{"line":5,"column":61}},"5":{"start":{"line":6,"column":9},"end":{"line":16,"column":3}},"6":{"start":{"line":7,"column":4},"end":{"line":7,"column":51}},"7":{"start":{"line":8,"column":9},"end":{"line":16,"column":3}},"8":{"start":{"line":9,"column":4},"end":{"line":9,"column":55}},"9":{"start":{"line":10,"column":9},"end":{"line":16,"column":3}},"10":{"start":{"line":11,"column":4},"end":{"line":11,"column":51}},"11":{"start":{"line":12,"column":9},"end":{"line":16,"column":3}},"12":{"start":{"line":13,"column":4},"end":{"line":13,"column":51}},"13":{"start":{"line":15,"column":4},"end":{"line":15,"column":63}}},"fnMap":{"0":{"name":"errorHandler","decl":{"start":{"line":1,"column":26},"end":{"line":1,"column":38}},"loc":{"start":{"line":1,"column":60},"end":{"line":17,"column":1}},"line":1}},"branchMap":{"0":{"loc":{"start":{"line":2,"column":2},"end":{"line":16,"column":3}},"type":"if","locations":[{"start":{"line":2,"column":2},"end":{"line":16,"column":3}},{"start":{"line":4,"column":9},"end":{"line":16,"column":3}}],"line":2},"1":{"loc":{"start":{"line":4,"column":9},"end":{"line":16,"column":3}},"type":"if","locations":[{"start":{"line":4,"column":9},"end":{"line":16,"column":3}},{"start":{"line":6,"column":9},"end":{"line":16,"column":3}}],"line":4},"2":{"loc":{"start":{"line":6,"column":9},"end":{"line":16,"column":3}},"type":"if","locations":[{"start":{"line":6,"column":9},"end":{"line":16,"column":3}},{"start":{"line":8,"column":9},"end":{"line":16,"column":3}}],"line":6},"3":{"loc":{"start":{"line":8,"column":9},"end":{"line":16,"column":3}},"type":"if","locations":[{"start":{"line":8,"column":9},"end":{"line":16,"column":3}},{"start":{"line":10,"column":9},"end":{"line":16,"column":3}}],"line":8},"4":{"loc":{"start":{"line":10,"column":9},"end":{"line":16,"column":3}},"type":"if","locations":[{"start":{"line":10,"column":9},"end":{"line":16,"column":3}},{"start":{"line":12,"column":9},"end":{"line":16,"column":3}}],"line":10},"5":{"loc":{"start":{"line":12,"column":9},"end":{"line":16,"column":3}},"type":"if","locations":[{"start":{"line":12,"column":9},"end":{"line":16,"column":3}},{"start":{"line":14,"column":9},"end":{"line":16,"column":3}}],"line":12}},"s":{"0":5,"1":34,"2":8,"3":26,"4":9,"5":17,"6":9,"7":8,"8":0,"9":8,"10":1,"11":7,"12":3,"13":4},"f":{"0":34},"b":{"0":[8,26],"1":[9,17],"2":[9,8],"3":[0,8],"4":[1,7],"5":[3,4]},"_coverageSchema":"1a1c01bbd47fc00a2c39e90264f33305004495a9","hash":"4e94ee1701bf744ffe2eb78ea8b4dc598e976939"}
,"C:\\Users\\TUF GAMING\\Hacktiv8\\phase2\\week3\\IP-RMT63\\Server\\middleware\\isAdmin.js": {"path":"C:\\Users\\TUF GAMING\\Hacktiv8\\phase2\\week3\\IP-RMT63\\Server\\middleware\\isAdmin.js","statementMap":{"0":{"start":{"line":1,"column":0},"end":{"line":9,"column":2}},"1":{"start":{"line":2,"column":2},"end":{"line":7,"column":3}},"2":{"start":{"line":3,"column":4},"end":{"line":6,"column":7}},"3":{"start":{"line":8,"column":2},"end":{"line":8,"column":9}}},"fnMap":{"0":{"name":"authorizeAdmin","decl":{"start":{"line":1,"column":26},"end":{"line":1,"column":40}},"loc":{"start":{"line":1,"column":57},"end":{"line":9,"column":1}},"line":1}},"branchMap":{"0":{"loc":{"start":{"line":2,"column":2},"end":{"line":7,"column":3}},"type":"if","locations":[{"start":{"line":2,"column":2},"end":{"line":7,"column":3}},{"start":{},"end":{}}],"line":2}},"s":{"0":5,"1":5,"2":1,"3":4},"f":{"0":5},"b":{"0":[1,4]},"_coverageSchema":"1a1c01bbd47fc00a2c39e90264f33305004495a9","hash":"021fcc2a01de06f830a89a80dda0c122c3f26aaf"}
,"C:\\Users\\TUF GAMING\\Hacktiv8\\phase2\\week3\\IP-RMT63\\Server\\models\\booking.js": {"path":"C:\\Users\\TUF GAMING\\Hacktiv8\\phase2\\week3\\IP-RMT63\\Server\\models\\booking.js","statementMap":{"0":{"start":{"line":2,"column":18},"end":{"line":2,"column":38}},"1":{"start":{"line":3,"column":0},"end":{"line":45,"column":2}},"2":{"start":{"line":12,"column":6},"end":{"line":12,"column":63}},"3":{"start":{"line":13,"column":6},"end":{"line":13,"column":65}},"4":{"start":{"line":14,"column":6},"end":{"line":14,"column":66}},"5":{"start":{"line":17,"column":2},"end":{"line":43,"column":4}},"6":{"start":{"line":44,"column":2},"end":{"line":44,"column":17}}},"fnMap":{"0":{"name":"(anonymous_0)","decl":{"start":{"line":3,"column":17},"end":{"line":3,"column":18}},"loc":{"start":{"line":3,"column":43},"end":{"line":45,"column":1}},"line":3},"1":{"name":"(anonymous_1)","decl":{"start":{"line":10,"column":4},"end":{"line":10,"column":5}},"loc":{"start":{"line":10,"column":29},"end":{"line":15,"column":5}},"line":10}},"branchMap":{},"s":{"0":5,"1":5,"2":5,"3":5,"4":5,"5":5,"6":5},"f":{"0":5,"1":5},"b":{},"_coverageSchema":"1a1c01bbd47fc00a2c39e90264f33305004495a9","hash":"449fca4e08aa5220429db7c4e3049c530093535c"}
,"C:\\Users\\TUF GAMING\\Hacktiv8\\phase2\\week3\\IP-RMT63\\Server\\models\\court.js": {"path":"C:\\Users\\TUF GAMING\\Hacktiv8\\phase2\\week3\\IP-RMT63\\Server\\models\\court.js","statementMap":{"0":{"start":{"line":2,"column":18},"end":{"line":2,"column":38}},"1":{"start":{"line":3,"column":0},"end":{"line":96,"column":2}},"2":{"start":{"line":12,"column":6},"end":{"line":12,"column":63}},"3":{"start":{"line":15,"column":2},"end":{"line":94,"column":4}},"4":{"start":{"line":95,"column":2},"end":{"line":95,"column":15}}},"fnMap":{"0":{"name":"(anonymous_0)","decl":{"start":{"line":3,"column":17},"end":{"line":3,"column":18}},"loc":{"start":{"line":3,"column":43},"end":{"line":96,"column":1}},"line":3},"1":{"name":"(anonymous_1)","decl":{"start":{"line":10,"column":4},"end":{"line":10,"column":5}},"loc":{"start":{"line":10,"column":29},"end":{"line":13,"column":5}},"line":10}},"branchMap":{},"s":{"0":5,"1":5,"2":5,"3":5,"4":5},"f":{"0":5,"1":5},"b":{},"_coverageSchema":"1a1c01bbd47fc00a2c39e90264f33305004495a9","hash":"f29b020dec51c6b96faeec04331a510ad9ad911d"}
,"C:\\Users\\TUF GAMING\\Hacktiv8\\phase2\\week3\\IP-RMT63\\Server\\models\\index.js": {"path":"C:\\Users\\TUF GAMING\\Hacktiv8\\phase2\\week3\\IP-RMT63\\Server\\models\\index.js","statementMap":{"0":{"start":{"line":3,"column":11},"end":{"line":3,"column":24}},"1":{"start":{"line":4,"column":13},"end":{"line":4,"column":28}},"2":{"start":{"line":5,"column":18},"end":{"line":5,"column":38}},"3":{"start":{"line":6,"column":16},"end":{"line":6,"column":34}},"4":{"start":{"line":7,"column":17},"end":{"line":7,"column":42}},"5":{"start":{"line":8,"column":12},"end":{"line":8,"column":49}},"6":{"start":{"line":9,"column":15},"end":{"line":9,"column":63}},"7":{"start":{"line":10,"column":11},"end":{"line":10,"column":13}},"8":{"start":{"line":13,"column":0},"end":{"line":22,"column":1}},"9":{"start":{"line":14,"column":2},"end":{"line":14,"column":74}},"10":{"start":{"line":16,"column":2},"end":{"line":21,"column":4}},"11":{"start":{"line":24,"column":0},"end":{"line":39,"column":5}},"12":{"start":{"line":26,"column":4},"end":{"line":31,"column":6}},"13":{"start":{"line":34,"column":18},"end":{"line":37,"column":5}},"14":{"start":{"line":38,"column":4},"end":{"line":38,"column":27}},"15":{"start":{"line":41,"column":0},"end":{"line":45,"column":3}},"16":{"start":{"line":42,"column":2},"end":{"line":44,"column":3}},"17":{"start":{"line":43,"column":4},"end":{"line":43,"column":32}},"18":{"start":{"line":47,"column":0},"end":{"line":47,"column":25}},"19":{"start":{"line":48,"column":0},"end":{"line":48,"column":25}},"20":{"start":{"line":50,"column":0},"end":{"line":50,"column":20}}},"fnMap":{"0":{"name":"(anonymous_0)","decl":{"start":{"line":25,"column":10},"end":{"line":25,"column":11}},"loc":{"start":{"line":25,"column":20},"end":{"line":32,"column":3}},"line":25},"1":{"name":"(anonymous_1)","decl":{"start":{"line":33,"column":11},"end":{"line":33,"column":12}},"loc":{"start":{"line":33,"column":21},"end":{"line":39,"column":3}},"line":33},"2":{"name":"(anonymous_2)","decl":{"start":{"line":41,"column":24},"end":{"line":41,"column":25}},"loc":{"start":{"line":41,"column":39},"end":{"line":45,"column":1}},"line":41}},"branchMap":{"0":{"loc":{"start":{"line":8,"column":12},"end":{"line":8,"column":49}},"type":"binary-expr","locations":[{"start":{"line":8,"column":12},"end":{"line":8,"column":32}},{"start":{"line":8,"column":36},"end":{"line":8,"column":49}}],"line":8},"1":{"loc":{"start":{"line":13,"column":0},"end":{"line":22,"column":1}},"type":"if","locations":[{"start":{"line":13,"column":0},"end":{"line":22,"column":1}},{"start":{"line":15,"column":7},"end":{"line":22,"column":1}}],"line":13},"2":{"loc":{"start":{"line":27,"column":6},"end":{"line":30,"column":37}},"type":"binary-expr","locations":[{"start":{"line":27,"column":6},"end":{"line":27,"column":29}},{"start":{"line":28,"column":6},"end":{"line":28,"column":23}},{"start":{"line":29,"column":6},"end":{"line":29,"column":30}},{"start":{"line":30,"column":6},"end":{"line":30,"column":37}}],"line":27},"3":{"loc":{"start":{"line":42,"column":2},"end":{"line":44,"column":3}},"type":"if","locations":[{"start":{"line":42,"column":2},"end":{"line":44,"column":3}},{"start":{},"end":{}}],"line":42}},"s":{"0":5,"1":5,"2":5,"3":5,"4":5,"5":5,"6":5,"7":5,"8":5,"9":0,"10":5,"11":5,"12":25,"13":20,"14":20,"15":5,"16":20,"17":20,"18":5,"19":5,"20":5},"f":{"0":25,"1":20,"2":20},"b":{"0":[5,0],"1":[0,5],"2":[25,25,20,20],"3":[20,0]},"_coverageSchema":"1a1c01bbd47fc00a2c39e90264f33305004495a9","hash":"bbb962e3008b361b0cf268ef0ff931536db86700"}
,"C:\\Users\\TUF GAMING\\Hacktiv8\\phase2\\week3\\IP-RMT63\\Server\\models\\payment.js": {"path":"C:\\Users\\TUF GAMING\\Hacktiv8\\phase2\\week3\\IP-RMT63\\Server\\models\\payment.js","statementMap":{"0":{"start":{"line":2,"column":18},"end":{"line":2,"column":38}},"1":{"start":{"line":3,"column":0},"end":{"line":72,"column":2}},"2":{"start":{"line":7,"column":6},"end":{"line":7,"column":69}},"3":{"start":{"line":10,"column":2},"end":{"line":70,"column":4}},"4":{"start":{"line":71,"column":2},"end":{"line":71,"column":17}}},"fnMap":{"0":{"name":"(anonymous_0)","decl":{"start":{"line":3,"column":17},"end":{"line":3,"column":18}},"loc":{"start":{"line":3,"column":43},"end":{"line":72,"column":1}},"line":3},"1":{"name":"(anonymous_1)","decl":{"start":{"line":5,"column":4},"end":{"line":5,"column":5}},"loc":{"start":{"line":5,"column":29},"end":{"line":8,"column":5}},"line":5}},"branchMap":{},"s":{"0":5,"1":5,"2":5,"3":5,"4":5},"f":{"0":5,"1":5},"b":{},"_coverageSchema":"1a1c01bbd47fc00a2c39e90264f33305004495a9","hash":"793acf6c6e6aa95fa02217cbcf10d9799b5790d4"}
,"C:\\Users\\TUF GAMING\\Hacktiv8\\phase2\\week3\\IP-RMT63\\Server\\models\\user.js": {"path":"C:\\Users\\TUF GAMING\\Hacktiv8\\phase2\\week3\\IP-RMT63\\Server\\models\\user.js","statementMap":{"0":{"start":{"line":2,"column":18},"end":{"line":2,"column":38}},"1":{"start":{"line":3,"column":25},"end":{"line":3,"column":53}},"2":{"start":{"line":4,"column":0},"end":{"line":74,"column":2}},"3":{"start":{"line":13,"column":6},"end":{"line":13,"column":61}},"4":{"start":{"line":16,"column":2},"end":{"line":69,"column":4}},"5":{"start":{"line":70,"column":2},"end":{"line":72,"column":5}},"6":{"start":{"line":71,"column":4},"end":{"line":71,"column":48}},"7":{"start":{"line":73,"column":2},"end":{"line":73,"column":14}}},"fnMap":{"0":{"name":"(anonymous_0)","decl":{"start":{"line":4,"column":17},"end":{"line":4,"column":18}},"loc":{"start":{"line":4,"column":43},"end":{"line":74,"column":1}},"line":4},"1":{"name":"(anonymous_1)","decl":{"start":{"line":11,"column":4},"end":{"line":11,"column":5}},"loc":{"start":{"line":11,"column":29},"end":{"line":14,"column":5}},"line":11},"2":{"name":"(anonymous_2)","decl":{"start":{"line":70,"column":20},"end":{"line":70,"column":21}},"loc":{"start":{"line":70,"column":30},"end":{"line":72,"column":3}},"line":70}},"branchMap":{},"s":{"0":5,"1":5,"2":5,"3":5,"4":5,"5":5,"6":6,"7":5},"f":{"0":5,"1":5,"2":6},"b":{},"_coverageSchema":"1a1c01bbd47fc00a2c39e90264f33305004495a9","hash":"059546d5f710e8d830442a7be083536f76d56c29"}
,"C:\\Users\\TUF GAMING\\Hacktiv8\\phase2\\week3\\IP-RMT63\\Server\\routes\\ai.js": {"path":"C:\\Users\\TUF GAMING\\Hacktiv8\\phase2\\week3\\IP-RMT63\\Server\\routes\\ai.js","statementMap":{"0":{"start":{"line":1,"column":16},"end":{"line":1,"column":34}},"1":{"start":{"line":2,"column":22},"end":{"line":2,"column":53}},"2":{"start":{"line":4,"column":15},"end":{"line":4,"column":31}},"3":{"start":{"line":6,"column":0},"end":{"line":18,"column":3}},"4":{"start":{"line":7,"column":2},"end":{"line":17,"column":3}},"5":{"start":{"line":8,"column":43},"end":{"line":8,"column":51}},"6":{"start":{"line":9,"column":19},"end":{"line":11,"column":7}},"7":{"start":{"line":13,"column":27},"end":{"line":13,"column":50}},"8":{"start":{"line":14,"column":4},"end":{"line":14,"column":33}},"9":{"start":{"line":16,"column":4},"end":{"line":16,"column":14}},"10":{"start":{"line":20,"column":0},"end":{"line":20,"column":24}}},"fnMap":{"0":{"name":"(anonymous_0)","decl":{"start":{"line":6,"column":26},"end":{"line":6,"column":27}},"loc":{"start":{"line":6,"column":52},"end":{"line":18,"column":1}},"line":6}},"branchMap":{},"s":{"0":6,"1":6,"2":6,"3":6,"4":2,"5":2,"6":2,"7":2,"8":1,"9":1,"10":6},"f":{"0":2},"b":{},"_coverageSchema":"1a1c01bbd47fc00a2c39e90264f33305004495a9","hash":"f0cef425bd343760a8dca9aade1df3ebb52d8704"}
,"C:\\Users\\TUF GAMING\\Hacktiv8\\phase2\\week3\\IP-RMT63\\Server\\routes\\auth.js": {"path":"C:\\Users\\TUF GAMING\\Hacktiv8\\phase2\\week3\\IP-RMT63\\Server\\routes\\auth.js","statementMap":{"0":{"start":{"line":1,"column":16},"end":{"line":1,"column":34}},"1":{"start":{"line":2,"column":15},"end":{"line":2,"column":31}},"2":{"start":{"line":3,"column":23},"end":{"line":3,"column":63}},"3":{"start":{"line":4,"column":21},"end":{"line":4,"column":58}},"4":{"start":{"line":6,"column":0},"end":{"line":6,"column":44}},"5":{"start":{"line":7,"column":0},"end":{"line":7,"column":50}},"6":{"start":{"line":8,"column":0},"end":{"line":8,"column":57}},"7":{"start":{"line":11,"column":0},"end":{"line":11,"column":25}},"8":{"start":{"line":13,"column":0},"end":{"line":13,"column":24}}},"fnMap":{},"branchMap":{},"s":{"0":5,"1":5,"2":5,"3":5,"4":5,"5":5,"6":5,"7":5,"8":5},"f":{},"b":{},"_coverageSchema":"1a1c01bbd47fc00a2c39e90264f33305004495a9","hash":"85e63cec1f5e637043f310b3e77cd9f28aaa2a46"}
,"C:\\Users\\TUF GAMING\\Hacktiv8\\phase2\\week3\\IP-RMT63\\Server\\routes\\bookings.js": {"path":"C:\\Users\\TUF GAMING\\Hacktiv8\\phase2\\week3\\IP-RMT63\\Server\\routes\\bookings.js","statementMap":{"0":{"start":{"line":1,"column":16},"end":{"line":1,"column":34}},"1":{"start":{"line":2,"column":15},"end":{"line":2,"column":42}},"2":{"start":{"line":3,"column":26},"end":{"line":3,"column":69}},"3":{"start":{"line":4,"column":23},"end":{"line":4,"column":62}},"4":{"start":{"line":5,"column":16},"end":{"line":5,"column":48}},"5":{"start":{"line":6,"column":21},"end":{"line":6,"column":58}},"6":{"start":{"line":8,"column":0},"end":{"line":8,"column":27}},"7":{"start":{"line":10,"column":0},"end":{"line":10,"column":53}},"8":{"start":{"line":11,"column":0},"end":{"line":11,"column":50}},"9":{"start":{"line":14,"column":0},"end":{"line":14,"column":59}},"10":{"start":{"line":15,"column":0},"end":{"line":15,"column":61}},"11":{"start":{"line":16,"column":0},"end":{"line":16,"column":64}},"12":{"start":{"line":17,"column":0},"end":{"line":17,"column":76}},"13":{"start":{"line":20,"column":0},"end":{"line":20,"column":25}},"14":{"start":{"line":22,"column":0},"end":{"line":22,"column":24}}},"fnMap":{},"branchMap":{},"s":{"0":5,"1":5,"2":5,"3":5,"4":5,"5":5,"6":5,"7":5,"8":5,"9":5,"10":5,"11":5,"12":5,"13":5,"14":5},"f":{},"b":{},"_coverageSchema":"1a1c01bbd47fc00a2c39e90264f33305004495a9","hash":"7af4e1f99e1115fc0939d573f330b4bbbe965a52"}
,"C:\\Users\\TUF GAMING\\Hacktiv8\\phase2\\week3\\IP-RMT63\\Server\\routes\\courts.js": {"path":"C:\\Users\\TUF GAMING\\Hacktiv8\\phase2\\week3\\IP-RMT63\\Server\\routes\\courts.js","statementMap":{"0":{"start":{"line":1,"column":16},"end":{"line":1,"column":34}},"1":{"start":{"line":2,"column":15},"end":{"line":2,"column":31}},"2":{"start":{"line":3,"column":24},"end":{"line":3,"column":65}},"3":{"start":{"line":4,"column":23},"end":{"line":4,"column":62}},"4":{"start":{"line":5,"column":16},"end":{"line":5,"column":48}},"5":{"start":{"line":6,"column":21},"end":{"line":6,"column":58}},"6":{"start":{"line":9,"column":0},"end":{"line":9,"column":27}},"7":{"start":{"line":12,"column":0},"end":{"line":12,"column":55}},"8":{"start":{"line":15,"column":0},"end":{"line":15,"column":58}},"9":{"start":{"line":18,"column":0},"end":{"line":18,"column":55}},"10":{"start":{"line":21,"column":0},"end":{"line":21,"column":57}},"11":{"start":{"line":24,"column":0},"end":{"line":24,"column":60}},"12":{"start":{"line":27,"column":0},"end":{"line":27,"column":25}},"13":{"start":{"line":29,"column":0},"end":{"line":29,"column":24}}},"fnMap":{},"branchMap":{},"s":{"0":5,"1":5,"2":5,"3":5,"4":5,"5":5,"6":5,"7":5,"8":5,"9":5,"10":5,"11":5,"12":5,"13":5},"f":{},"b":{},"_coverageSchema":"1a1c01bbd47fc00a2c39e90264f33305004495a9","hash":"3f9d9805e5073641676c34602680cec9e94d12b8"}
,"C:\\Users\\TUF GAMING\\Hacktiv8\\phase2\\week3\\IP-RMT63\\Server\\routes\\payments.js": {"path":"C:\\Users\\TUF GAMING\\Hacktiv8\\phase2\\week3\\IP-RMT63\\Server\\routes\\payments.js","statementMap":{"0":{"start":{"line":1,"column":16},"end":{"line":1,"column":34}},"1":{"start":{"line":2,"column":15},"end":{"line":2,"column":31}},"2":{"start":{"line":3,"column":23},"end":{"line":3,"column":62}},"3":{"start":{"line":4,"column":26},"end":{"line":4,"column":69}},"4":{"start":{"line":5,"column":21},"end":{"line":5,"column":58}},"5":{"start":{"line":13,"column":0},"end":{"line":13,"column":27}},"6":{"start":{"line":17,"column":0},"end":{"line":17,"column":62}},"7":{"start":{"line":18,"column":0},"end":{"line":18,"column":73}},"8":{"start":{"line":23,"column":0},"end":{"line":23,"column":25}},"9":{"start":{"line":25,"column":0},"end":{"line":25,"column":24}}},"fnMap":{},"branchMap":{},"s":{"0":5,"1":5,"2":5,"3":5,"4":5,"5":5,"6":5,"7":5,"8":5,"9":5},"f":{},"b":{},"_coverageSchema":"1a1c01bbd47fc00a2c39e90264f33305004495a9","hash":"4f9851a209070b871f6dcc3deb4a756de337f539"}
,"C:\\Users\\TUF GAMING\\Hacktiv8\\phase2\\week3\\IP-RMT63\\Server\\routes\\public.js": {"path":"C:\\Users\\TUF GAMING\\Hacktiv8\\phase2\\week3\\IP-RMT63\\Server\\routes\\public.js","statementMap":{"0":{"start":{"line":1,"column":16},"end":{"line":1,"column":34}},"1":{"start":{"line":2,"column":15},"end":{"line":2,"column":31}},"2":{"start":{"line":3,"column":25},"end":{"line":3,"column":67}},"3":{"start":{"line":4,"column":21},"end":{"line":4,"column":58}},"4":{"start":{"line":8,"column":0},"end":{"line":8,"column":50}},"5":{"start":{"line":10,"column":0},"end":{"line":10,"column":58}},"6":{"start":{"line":13,"column":0},"end":{"line":13,"column":25}},"7":{"start":{"line":15,"column":0},"end":{"line":15,"column":24}}},"fnMap":{},"branchMap":{},"s":{"0":5,"1":5,"2":5,"3":5,"4":5,"5":5,"6":5,"7":5},"f":{},"b":{},"_coverageSchema":"1a1c01bbd47fc00a2c39e90264f33305004495a9","hash":"8919d864f235ea6e4637f158dfd29c60a1f503f2"}
}
