TN:
SF:app.js
FNF:0
FNH:0
DA:1,5
DA:3,5
DA:4,5
DA:5,5
DA:6,5
DA:7,5
DA:8,5
DA:9,5
DA:10,5
DA:12,5
DA:14,5
DA:15,5
DA:18,5
DA:23,5
DA:26,5
DA:27,5
DA:29,5
DA:30,5
DA:31,5
DA:32,5
DA:33,5
DA:38,5
LF:22
LH:22
BRF:0
BRH:0
end_of_record
TN:
SF:config\config.js
FNF:0
FNH:0
DA:1,5
DA:3,5
LF:2
LH:2
BRDA:14,0,0,5
BRDA:14,0,1,0
BRF:2
BRH:1
end_of_record
TN:
SF:controllers\authController.js
FN:9,(anonymous_0)
FN:33,(anonymous_1)
FN:69,(anonymous_2)
FNF:3
FNH:2
FNDA:4,(anonymous_0)
FNDA:7,(anonymous_1)
FNDA:0,(anonymous_2)
DA:1,5
DA:2,5
DA:3,5
DA:5,5
DA:6,5
DA:8,5
DA:10,4
DA:11,4
DA:13,4
DA:19,1
DA:29,3
DA:34,7
DA:35,7
DA:36,7
DA:37,1
DA:39,6
DA:40,0
DA:42,6
DA:44,6
DA:45,3
DA:50,3
DA:51,3
DA:52,1
DA:54,2
DA:55,2
DA:65,5
DA:70,0
DA:71,0
DA:72,0
DA:76,0
DA:77,0
DA:78,0
DA:79,0
DA:80,0
DA:88,0
DA:89,0
DA:99,0
LF:37
LH:25
BRDA:17,0,0,4
BRDA:17,0,1,4
BRDA:36,1,0,1
BRDA:36,1,1,6
BRDA:39,2,0,0
BRDA:39,2,1,6
BRDA:44,3,0,3
BRDA:44,3,1,3
BRDA:51,4,0,1
BRDA:51,4,1,2
BRDA:79,5,0,0
BRDA:79,5,1,0
BRF:12
BRH:9
end_of_record
TN:
SF:controllers\bookingController.js
FN:5,(anonymous_0)
FN:27,(anonymous_1)
FN:55,(anonymous_2)
FN:72,(anonymous_3)
FN:99,(anonymous_4)
FN:121,(anonymous_5)
FNF:6
FNH:4
FNDA:1,(anonymous_0)
FNDA:0,(anonymous_1)
FNDA:4,(anonymous_2)
FNDA:0,(anonymous_3)
FNDA:2,(anonymous_4)
FNDA:2,(anonymous_5)
DA:1,5
DA:3,5
DA:6,1
DA:7,1
DA:8,1
DA:9,1
DA:20,1
DA:22,0
DA:23,0
DA:28,0
DA:29,0
DA:31,0
DA:43,0
DA:44,0
DA:45,0
DA:48,0
DA:49,0
DA:51,0
DA:56,4
DA:57,4
DA:58,4
DA:59,4
DA:66,3
DA:68,1
DA:73,0
DA:74,0
DA:75,0
DA:76,0
DA:77,0
DA:79,0
DA:80,0
DA:86,0
DA:93,0
DA:95,0
DA:100,2
DA:101,2
DA:102,2
DA:104,2
DA:105,2
DA:108,1
DA:109,1
DA:110,0
DA:113,1
DA:115,1
DA:117,1
DA:122,2
DA:123,2
DA:124,2
DA:125,2
DA:126,1
DA:127,1
DA:129,1
LF:52
LH:30
BRDA:43,0,0,0
BRDA:43,0,1,0
BRDA:77,1,0,0
BRDA:77,1,1,0
BRDA:79,2,0,0
BRDA:79,2,1,0
BRDA:87,3,0,0
BRDA:87,3,1,0
BRDA:88,4,0,0
BRDA:88,4,1,0
BRDA:89,5,0,0
BRDA:89,5,1,0
BRDA:90,6,0,0
BRDA:90,6,1,0
BRDA:105,7,0,1
BRDA:105,7,1,1
BRDA:109,8,0,0
BRDA:109,8,1,1
BRDA:125,9,0,1
BRDA:125,9,1,1
BRF:20
BRH:5
end_of_record
TN:
SF:controllers\courtController.js
FN:4,(anonymous_0)
FN:17,(anonymous_1)
FN:30,(anonymous_2)
FN:48,(anonymous_3)
FN:71,(anonymous_4)
FNF:5
FNH:5
FNDA:1,(anonymous_0)
FNDA:2,(anonymous_1)
FNDA:2,(anonymous_2)
FNDA:2,(anonymous_3)
FNDA:1,(anonymous_4)
DA:1,5
DA:3,5
DA:5,1
DA:6,1
DA:8,1
DA:11,1
DA:13,0
DA:18,2
DA:19,2
DA:20,2
DA:21,2
DA:22,1
DA:24,1
DA:26,1
DA:31,2
DA:33,2
DA:34,2
DA:42,1
DA:44,1
DA:49,2
DA:50,2
DA:52,2
DA:53,2
DA:54,2
DA:55,1
DA:57,1
DA:65,1
DA:67,1
DA:72,1
DA:73,1
DA:74,1
DA:75,1
DA:76,0
DA:78,1
DA:79,1
DA:81,0
LF:36
LH:33
BRDA:6,0,0,1
BRDA:21,1,0,1
BRDA:21,1,1,1
BRDA:54,2,0,1
BRDA:54,2,1,1
BRDA:75,3,0,0
BRDA:75,3,1,1
BRF:7
BRH:6
end_of_record
TN:
SF:controllers\paymentController.js
FN:8,(anonymous_0)
FN:118,(anonymous_1)
FN:137,(anonymous_2)
FN:166,(anonymous_3)
FNF:4
FNH:2
FNDA:1,(anonymous_0)
FNDA:1,(anonymous_1)
FNDA:0,(anonymous_2)
FNDA:0,(anonymous_3)
DA:1,5
DA:2,5
DA:3,5
DA:4,5
DA:5,5
DA:7,5
DA:9,1
DA:10,1
DA:11,1
DA:13,1
DA:20,1
DA:21,1
DA:23,1
DA:24,1
DA:25,1
DA:26,1
DA:27,1
DA:29,1
DA:30,1
DA:33,1
DA:34,0
DA:37,1
DA:38,1
DA:41,1
DA:42,1
DA:43,1
DA:44,0
DA:46,1
DA:47,1
DA:48,0
DA:50,1
DA:56,1
DA:57,1
DA:59,1
DA:80,1
DA:83,1
DA:84,1
DA:86,1
DA:87,1
DA:88,1
DA:89,1
DA:91,0
DA:92,0
DA:93,0
DA:97,0
DA:98,0
DA:101,1
DA:108,1
DA:109,1
DA:112,0
DA:113,0
DA:114,0
DA:119,1
DA:120,1
DA:122,1
DA:131,1
DA:133,0
DA:138,0
DA:139,0
DA:141,0
DA:144,0
DA:145,0
DA:149,0
DA:150,0
DA:151,0
DA:154,0
DA:155,0
DA:156,0
DA:157,0
DA:160,0
DA:162,0
DA:167,0
DA:168,0
DA:170,0
DA:171,0
DA:173,0
DA:175,0
DA:177,0
DA:181,0
DA:182,0
DA:183,0
DA:185,0
DA:186,0
DA:187,0
DA:188,0
DA:192,0
DA:194,0
DA:196,0
LF:88
LH:45
BRDA:21,0,0,0
BRDA:21,0,1,1
BRDA:33,1,0,0
BRDA:33,1,1,1
BRDA:43,2,0,0
BRDA:43,2,1,1
BRDA:43,3,0,1
BRDA:43,3,1,1
BRDA:43,3,2,1
BRDA:47,4,0,0
BRDA:47,4,1,1
BRDA:65,5,0,1
BRDA:65,5,1,0
BRDA:66,6,0,1
BRDA:66,6,1,0
BRDA:144,7,0,0
BRDA:144,7,1,0
BRDA:155,8,0,0
BRDA:155,8,1,0
BRDA:175,9,0,0
BRDA:175,9,1,0
BRDA:177,10,0,0
BRDA:177,10,1,0
BRDA:178,11,0,0
BRDA:178,11,1,0
BRDA:186,12,0,0
BRDA:186,12,1,0
BRF:27
BRH:9
end_of_record
TN:
SF:controllers\publicController.js
FN:5,(anonymous_0)
FN:40,(anonymous_1)
FNF:2
FNH:2
FNDA:3,(anonymous_0)
FNDA:2,(anonymous_1)
DA:1,5
DA:2,5
DA:4,5
DA:6,3
DA:7,3
DA:8,3
DA:10,3
DA:11,1
DA:17,3
DA:18,1
DA:20,3
DA:21,3
DA:22,3
DA:27,3
DA:36,0
DA:41,2
DA:42,2
DA:43,2
DA:44,2
DA:45,1
DA:47,1
DA:49,1
LF:22
LH:21
BRDA:7,0,0,2
BRDA:7,1,0,3
BRDA:7,2,0,3
BRDA:10,3,0,1
BRDA:10,3,1,2
BRDA:10,4,0,3
BRDA:10,4,1,1
BRDA:17,5,0,1
BRDA:17,5,1,2
BRDA:44,6,0,1
BRDA:44,6,1,1
BRF:11
BRH:11
end_of_record
TN:
SF:helpers\AskGemini.js
FN:6,askGemini
FNF:1
FNH:0
FNDA:0,askGemini
DA:1,5
DA:2,5
DA:4,5
DA:7,0
DA:9,0
DA:11,0
DA:12,0
DA:13,0
DA:16,5
LF:9
LH:4
BRF:0
BRH:0
end_of_record
TN:
SF:helpers\bcrypt.js
FN:3,(anonymous_0)
FN:8,(anonymous_1)
FNF:2
FNH:2
FNDA:7,(anonymous_0)
FNDA:3,(anonymous_1)
DA:1,5
DA:3,5
DA:4,7
DA:5,7
DA:8,5
DA:9,3
DA:12,5
LF:7
LH:7
BRF:0
BRH:0
end_of_record
TN:
SF:helpers\jwt.js
FN:4,signToken
FN:8,verifyToken
FNF:2
FNH:2
FNDA:7,signToken
FNDA:26,verifyToken
DA:1,5
DA:2,5
DA:5,7
DA:9,26
DA:12,5
LF:5
LH:5
BRDA:2,0,0,5
BRDA:2,0,1,0
BRF:2
BRH:1
end_of_record
TN:
SF:middleware\authentication.js
FN:5,authentication
FNF:1
FNH:1
FNDA:34,authentication
DA:1,5
DA:2,5
DA:5,5
DA:7,34
DA:8,34
DA:9,34
DA:10,8
DA:11,8
DA:13,26
DA:15,26
DA:17,26
DA:19,26
DA:21,26
DA:22,0
DA:25,26
DA:27,26
DA:29,0
LF:17
LH:15
BRDA:9,0,0,8
BRDA:9,0,1,26
BRDA:21,1,0,0
BRDA:21,1,1,26
BRF:4
BRH:3
end_of_record
TN:
SF:middleware\errorHandler.js
FN:1,errorHandler
FNF:1
FNH:1
FNDA:25,errorHandler
DA:1,5
DA:2,25
DA:3,1
DA:4,24
DA:5,4
DA:6,20
DA:7,12
DA:8,8
DA:9,0
DA:10,8
DA:11,2
DA:12,6
DA:13,5
DA:15,1
LF:14
LH:13
BRDA:2,0,0,1
BRDA:2,0,1,24
BRDA:4,1,0,4
BRDA:4,1,1,20
BRDA:6,2,0,12
BRDA:6,2,1,8
BRDA:8,3,0,0
BRDA:8,3,1,8
BRDA:10,4,0,2
BRDA:10,4,1,6
BRDA:12,5,0,5
BRDA:12,5,1,1
BRF:12
BRH:11
end_of_record
TN:
SF:middleware\isAdmin.js
FN:1,authorizeAdmin
FNF:1
FNH:1
FNDA:14,authorizeAdmin
DA:1,5
DA:2,14
DA:3,2
DA:8,12
LF:4
LH:4
BRDA:2,0,0,2
BRDA:2,0,1,12
BRF:2
BRH:2
end_of_record
TN:
SF:models\booking.js
FN:3,(anonymous_0)
FN:10,(anonymous_1)
FNF:2
FNH:2
FNDA:5,(anonymous_0)
FNDA:5,(anonymous_1)
DA:2,5
DA:3,5
DA:12,5
DA:13,5
DA:14,5
DA:17,5
DA:44,5
LF:7
LH:7
BRF:0
BRH:0
end_of_record
TN:
SF:models\court.js
FN:3,(anonymous_0)
FN:10,(anonymous_1)
FNF:2
FNH:2
FNDA:5,(anonymous_0)
FNDA:5,(anonymous_1)
DA:2,5
DA:3,5
DA:12,5
DA:15,5
DA:95,5
LF:5
LH:5
BRF:0
BRH:0
end_of_record
TN:
SF:models\index.js
FN:25,(anonymous_0)
FN:33,(anonymous_1)
FN:41,(anonymous_2)
FNF:3
FNH:3
FNDA:25,(anonymous_0)
FNDA:20,(anonymous_1)
FNDA:20,(anonymous_2)
DA:3,5
DA:4,5
DA:5,5
DA:6,5
DA:7,5
DA:8,5
DA:9,5
DA:10,5
DA:13,5
DA:14,0
DA:16,5
DA:24,5
DA:26,25
DA:34,20
DA:38,20
DA:41,5
DA:42,20
DA:43,20
DA:47,5
DA:48,5
DA:50,5
LF:21
LH:20
BRDA:8,0,0,5
BRDA:8,0,1,0
BRDA:13,1,0,0
BRDA:13,1,1,5
BRDA:27,2,0,25
BRDA:27,2,1,25
BRDA:27,2,2,20
BRDA:27,2,3,20
BRDA:42,3,0,20
BRDA:42,3,1,0
BRF:10
BRH:7
end_of_record
TN:
SF:models\payment.js
FN:3,(anonymous_0)
FN:10,(anonymous_1)
FNF:2
FNH:2
FNDA:5,(anonymous_0)
FNDA:5,(anonymous_1)
DA:2,5
DA:3,5
DA:12,5
DA:15,5
DA:69,5
LF:5
LH:5
BRF:0
BRH:0
end_of_record
TN:
SF:models\user.js
FN:4,(anonymous_0)
FN:11,(anonymous_1)
FN:47,(anonymous_2)
FNF:3
FNH:3
FNDA:5,(anonymous_0)
FNDA:5,(anonymous_1)
FNDA:7,(anonymous_2)
DA:2,5
DA:3,5
DA:4,5
DA:13,5
DA:16,5
DA:47,5
DA:48,7
DA:50,5
LF:8
LH:8
BRF:0
BRH:0
end_of_record
TN:
SF:routes\ai.js
FN:6,(anonymous_0)
FNF:1
FNH:0
FNDA:0,(anonymous_0)
DA:1,5
DA:2,5
DA:4,5
DA:6,5
DA:7,0
DA:8,0
DA:9,0
DA:13,0
DA:14,0
DA:16,0
DA:20,5
LF:11
LH:5
BRF:0
BRH:0
end_of_record
TN:
SF:routes\auth.js
FNF:0
FNH:0
DA:1,5
DA:2,5
DA:3,5
DA:4,5
DA:6,5
DA:7,5
DA:8,5
DA:11,5
DA:13,5
LF:9
LH:9
BRF:0
BRH:0
end_of_record
TN:
SF:routes\bookings.js
FNF:0
FNH:0
DA:1,5
DA:2,5
DA:3,5
DA:4,5
DA:5,5
DA:6,5
DA:8,5
DA:10,5
DA:11,5
DA:14,5
DA:15,5
DA:16,5
DA:17,5
DA:20,5
DA:22,5
LF:15
LH:15
BRF:0
BRH:0
end_of_record
TN:
SF:routes\courts.js
FNF:0
FNH:0
DA:1,5
DA:2,5
DA:3,5
DA:4,5
DA:5,5
DA:6,5
DA:9,5
DA:12,5
DA:15,5
DA:18,5
DA:21,5
DA:24,5
DA:27,5
DA:29,5
LF:14
LH:14
BRF:0
BRH:0
end_of_record
TN:
SF:routes\payments.js
FNF:0
FNH:0
DA:1,5
DA:2,5
DA:3,5
DA:4,5
DA:5,5
DA:7,5
DA:13,5
DA:15,5
DA:16,5
DA:17,5
DA:21,5
DA:23,5
LF:12
LH:12
BRF:0
BRH:0
end_of_record
TN:
SF:routes\public.js
FNF:0
FNH:0
DA:1,5
DA:2,5
DA:3,5
DA:4,5
DA:8,5
DA:10,5
DA:13,5
DA:15,5
LF:8
LH:8
BRF:0
BRH:0
end_of_record
