TN:
SF:app.js
FNF:0
FNH:0
DA:1,5
DA:2,5
DA:5,5
DA:8,5
DA:9,5
DA:10,5
DA:11,5
DA:12,5
DA:13,5
DA:14,5
DA:15,5
DA:17,5
DA:19,5
DA:20,5
DA:31,5
DA:34,5
DA:35,5
DA:37,5
DA:38,5
DA:39,5
DA:40,5
DA:46,5
LF:22
LH:22
BRDA:2,0,0,5
BRDA:2,0,1,0
BRF:2
BRH:1
end_of_record
TN:
SF:config\config.js
FNF:0
FNH:0
DA:1,5
DA:3,5
LF:2
LH:2
BRDA:14,0,0,5
BRDA:14,0,1,0
BRF:2
BRH:1
end_of_record
TN:
SF:controllers\authController.js
FN:9,(anonymous_0)
FN:28,(anonymous_1)
FN:70,(anonymous_2)
FNF:3
FNH:3
FNDA:11,(anonymous_0)
FNDA:11,(anonymous_1)
FNDA:3,(anonymous_2)
DA:1,5
DA:2,5
DA:3,5
DA:5,5
DA:6,5
DA:8,5
DA:10,11
DA:11,11
DA:13,11
DA:14,1
DA:24,10
DA:29,11
DA:30,11
DA:31,11
DA:32,3
DA:34,8
DA:35,8
DA:36,1
DA:38,7
DA:39,2
DA:41,5
DA:42,1
DA:47,4
DA:48,3
DA:49,1
DA:51,2
DA:52,2
DA:53,1
DA:55,1
DA:56,1
DA:66,8
DA:71,3
DA:72,3
DA:73,3
DA:74,1
DA:76,2
DA:80,2
DA:81,2
DA:82,1
DA:83,1
DA:90,1
DA:91,1
DA:101,2
LF:43
LH:43
BRDA:31,0,0,3
BRDA:31,0,1,8
BRDA:35,1,0,1
BRDA:35,1,1,7
BRDA:38,2,0,2
BRDA:38,2,1,5
BRDA:41,3,0,1
BRDA:41,3,1,4
BRDA:48,4,0,1
BRDA:48,4,1,2
BRDA:52,5,0,1
BRDA:52,5,1,1
BRDA:73,6,0,1
BRDA:73,6,1,2
BRDA:82,7,0,1
BRDA:82,7,1,0
BRF:16
BRH:15
end_of_record
TN:
SF:controllers\bookingController.js
FN:5,(anonymous_0)
FN:27,(anonymous_1)
FN:55,(anonymous_2)
FN:72,(anonymous_3)
FN:99,(anonymous_4)
FN:121,(anonymous_5)
FNF:6
FNH:4
FNDA:1,(anonymous_0)
FNDA:0,(anonymous_1)
FNDA:4,(anonymous_2)
FNDA:0,(anonymous_3)
FNDA:2,(anonymous_4)
FNDA:2,(anonymous_5)
DA:1,5
DA:3,5
DA:6,1
DA:7,1
DA:9,1
DA:20,1
DA:23,0
DA:28,0
DA:29,0
DA:31,0
DA:43,0
DA:44,0
DA:48,0
DA:49,0
DA:51,0
DA:56,4
DA:57,4
DA:58,4
DA:59,4
DA:66,3
DA:68,1
DA:73,0
DA:74,0
DA:75,0
DA:76,0
DA:77,0
DA:79,0
DA:80,0
DA:86,0
DA:93,0
DA:95,0
DA:100,2
DA:101,2
DA:102,2
DA:104,2
DA:105,2
DA:108,1
DA:109,1
DA:110,0
DA:113,1
DA:115,1
DA:117,1
DA:122,2
DA:123,2
DA:124,2
DA:125,2
DA:126,1
DA:127,1
DA:129,1
LF:49
LH:29
BRDA:43,0,0,0
BRDA:43,0,1,0
BRDA:77,1,0,0
BRDA:77,1,1,0
BRDA:79,2,0,0
BRDA:79,2,1,0
BRDA:87,3,0,0
BRDA:87,3,1,0
BRDA:88,4,0,0
BRDA:88,4,1,0
BRDA:89,5,0,0
BRDA:89,5,1,0
BRDA:90,6,0,0
BRDA:90,6,1,0
BRDA:105,7,0,1
BRDA:105,7,1,1
BRDA:109,8,0,0
BRDA:109,8,1,1
BRDA:125,9,0,1
BRDA:125,9,1,1
BRF:20
BRH:5
end_of_record
TN:
SF:controllers\courtController.js
FN:4,(anonymous_0)
FN:17,(anonymous_1)
FN:30,(anonymous_2)
FN:48,(anonymous_3)
FN:71,(anonymous_4)
FNF:5
FNH:0
FNDA:0,(anonymous_0)
FNDA:0,(anonymous_1)
FNDA:0,(anonymous_2)
FNDA:0,(anonymous_3)
FNDA:0,(anonymous_4)
DA:1,5
DA:3,5
DA:5,0
DA:6,0
DA:8,0
DA:11,0
DA:13,0
DA:18,0
DA:19,0
DA:20,0
DA:21,0
DA:22,0
DA:24,0
DA:26,0
DA:31,0
DA:33,0
DA:34,0
DA:42,0
DA:44,0
DA:49,0
DA:50,0
DA:52,0
DA:53,0
DA:54,0
DA:55,0
DA:57,0
DA:65,0
DA:67,0
DA:72,0
DA:73,0
DA:74,0
DA:75,0
DA:76,0
DA:78,0
DA:79,0
DA:81,0
LF:36
LH:2
BRDA:6,0,0,0
BRDA:21,1,0,0
BRDA:21,1,1,0
BRDA:54,2,0,0
BRDA:54,2,1,0
BRDA:75,3,0,0
BRDA:75,3,1,0
BRF:7
BRH:0
end_of_record
TN:
SF:controllers\paymentController.js
FN:210,(anonymous_0)
FN:302,(anonymous_1)
FNF:2
FNH:0
FNDA:0,(anonymous_0)
FNDA:0,(anonymous_1)
DA:1,5
DA:2,5
DA:3,5
DA:4,5
DA:5,5
DA:6,5
DA:8,5
DA:211,0
DA:212,0
DA:213,0
DA:218,0
DA:219,0
DA:225,0
DA:226,0
DA:227,0
DA:228,0
DA:230,0
DA:231,0
DA:232,0
DA:233,0
DA:237,0
DA:244,0
DA:245,0
DA:248,0
DA:249,0
DA:250,0
DA:252,0
DA:253,0
DA:270,0
DA:272,0
DA:273,0
DA:275,0
DA:276,0
DA:282,0
DA:283,0
DA:285,0
DA:288,0
DA:294,0
DA:296,0
DA:297,0
DA:298,0
DA:304,0
DA:305,0
DA:308,0
DA:313,0
DA:314,0
DA:316,0
DA:317,0
DA:318,0
DA:320,0
DA:321,0
DA:324,0
DA:325,0
DA:326,0
DA:327,0
DA:335,0
DA:337,0
DA:339,0
DA:343,0
DA:345,0
DA:351,0
LF:61
LH:7
BRDA:212,0,0,0
BRDA:212,0,1,0
BRDA:227,1,0,0
BRDA:227,1,1,0
BRDA:232,2,0,0
BRDA:232,2,1,0
BRDA:244,3,0,0
BRDA:244,3,1,0
BRDA:249,4,0,0
BRDA:249,4,1,0
BRDA:275,5,0,0
BRDA:275,5,1,0
BRDA:282,6,0,0
BRDA:282,6,1,0
BRDA:313,7,0,0
BRDA:313,7,1,0
BRDA:320,8,0,0
BRDA:320,8,1,0
BRDA:337,9,0,0
BRDA:337,9,1,0
BRDA:337,10,0,0
BRDA:337,10,1,0
BRF:22
BRH:0
end_of_record
TN:
SF:controllers\publicController.js
FN:5,(anonymous_0)
FN:40,(anonymous_1)
FNF:2
FNH:2
FNDA:3,(anonymous_0)
FNDA:2,(anonymous_1)
DA:1,5
DA:2,5
DA:4,5
DA:6,3
DA:7,3
DA:8,3
DA:10,3
DA:11,1
DA:17,3
DA:18,1
DA:21,3
DA:22,3
DA:27,3
DA:36,0
DA:41,2
DA:42,2
DA:43,2
DA:44,2
DA:45,1
DA:47,1
DA:49,1
LF:21
LH:20
BRDA:7,0,0,2
BRDA:7,1,0,3
BRDA:7,2,0,3
BRDA:10,3,0,1
BRDA:10,3,1,2
BRDA:10,4,0,3
BRDA:10,4,1,1
BRDA:17,5,0,1
BRDA:17,5,1,2
BRDA:44,6,0,1
BRDA:44,6,1,1
BRF:11
BRH:11
end_of_record
TN:
SF:helpers\AskGemini.js
FN:6,askGemini
FNF:1
FNH:0
FNDA:0,askGemini
DA:1,5
DA:2,5
DA:4,5
DA:7,0
DA:9,0
DA:11,0
DA:12,0
DA:13,0
DA:16,5
LF:9
LH:4
BRF:0
BRH:0
end_of_record
TN:
SF:helpers\bcrypt.js
FN:3,(anonymous_0)
FN:8,(anonymous_1)
FNF:2
FNH:2
FNDA:6,(anonymous_0)
FNDA:2,(anonymous_1)
DA:1,5
DA:3,5
DA:4,6
DA:5,6
DA:8,5
DA:9,2
DA:12,5
LF:7
LH:7
BRF:0
BRH:0
end_of_record
TN:
SF:helpers\jwt.js
FN:4,signToken
FN:8,verifyToken
FNF:2
FNH:2
FNDA:5,signToken
FNDA:17,verifyToken
DA:1,5
DA:2,5
DA:5,5
DA:9,17
DA:12,5
LF:5
LH:5
BRDA:2,0,0,5
BRDA:2,0,1,0
BRF:2
BRH:1
end_of_record
TN:
SF:middleware\authentication.js
FN:5,authentication
FNF:1
FNH:1
FNDA:26,authentication
DA:1,5
DA:2,5
DA:5,5
DA:7,26
DA:8,26
DA:9,26
DA:10,26
DA:11,9
DA:12,9
DA:14,17
DA:16,17
DA:18,17
DA:20,17
DA:22,17
DA:23,0
DA:26,17
DA:28,17
DA:30,0
LF:18
LH:16
BRDA:10,0,0,9
BRDA:10,0,1,17
BRDA:22,1,0,0
BRDA:22,1,1,17
BRF:4
BRH:3
end_of_record
TN:
SF:middleware\errorHandler.js
FN:1,errorHandler
FNF:1
FNH:1
FNDA:34,errorHandler
DA:1,5
DA:2,34
DA:3,8
DA:4,26
DA:5,9
DA:6,17
DA:7,9
DA:8,8
DA:9,0
DA:10,8
DA:11,1
DA:12,7
DA:13,3
DA:15,4
LF:14
LH:13
BRDA:2,0,0,8
BRDA:2,0,1,26
BRDA:4,1,0,9
BRDA:4,1,1,17
BRDA:6,2,0,9
BRDA:6,2,1,8
BRDA:8,3,0,0
BRDA:8,3,1,8
BRDA:10,4,0,1
BRDA:10,4,1,7
BRDA:12,5,0,3
BRDA:12,5,1,4
BRF:12
BRH:11
end_of_record
TN:
SF:middleware\isAdmin.js
FN:1,authorizeAdmin
FNF:1
FNH:1
FNDA:5,authorizeAdmin
DA:1,5
DA:2,5
DA:3,1
DA:8,4
LF:4
LH:4
BRDA:2,0,0,1
BRDA:2,0,1,4
BRF:2
BRH:2
end_of_record
TN:
SF:models\booking.js
FN:3,(anonymous_0)
FN:10,(anonymous_1)
FNF:2
FNH:2
FNDA:5,(anonymous_0)
FNDA:5,(anonymous_1)
DA:2,5
DA:3,5
DA:12,5
DA:13,5
DA:14,5
DA:17,5
DA:44,5
LF:7
LH:7
BRF:0
BRH:0
end_of_record
TN:
SF:models\court.js
FN:3,(anonymous_0)
FN:10,(anonymous_1)
FNF:2
FNH:2
FNDA:5,(anonymous_0)
FNDA:5,(anonymous_1)
DA:2,5
DA:3,5
DA:12,5
DA:15,5
DA:95,5
LF:5
LH:5
BRF:0
BRH:0
end_of_record
TN:
SF:models\index.js
FN:25,(anonymous_0)
FN:33,(anonymous_1)
FN:41,(anonymous_2)
FNF:3
FNH:3
FNDA:25,(anonymous_0)
FNDA:20,(anonymous_1)
FNDA:20,(anonymous_2)
DA:3,5
DA:4,5
DA:5,5
DA:6,5
DA:7,5
DA:8,5
DA:9,5
DA:10,5
DA:13,5
DA:14,0
DA:16,5
DA:24,5
DA:26,25
DA:34,20
DA:38,20
DA:41,5
DA:42,20
DA:43,20
DA:47,5
DA:48,5
DA:50,5
LF:21
LH:20
BRDA:8,0,0,5
BRDA:8,0,1,0
BRDA:13,1,0,0
BRDA:13,1,1,5
BRDA:27,2,0,25
BRDA:27,2,1,25
BRDA:27,2,2,20
BRDA:27,2,3,20
BRDA:42,3,0,20
BRDA:42,3,1,0
BRF:10
BRH:7
end_of_record
TN:
SF:models\payment.js
FN:3,(anonymous_0)
FN:5,(anonymous_1)
FNF:2
FNH:2
FNDA:5,(anonymous_0)
FNDA:5,(anonymous_1)
DA:2,5
DA:3,5
DA:7,5
DA:10,5
DA:71,5
LF:5
LH:5
BRF:0
BRH:0
end_of_record
TN:
SF:models\user.js
FN:4,(anonymous_0)
FN:11,(anonymous_1)
FN:70,(anonymous_2)
FNF:3
FNH:3
FNDA:5,(anonymous_0)
FNDA:5,(anonymous_1)
FNDA:6,(anonymous_2)
DA:2,5
DA:3,5
DA:4,5
DA:13,5
DA:16,5
DA:70,5
DA:71,6
DA:73,5
LF:8
LH:8
BRF:0
BRH:0
end_of_record
TN:
SF:routes\ai.js
FN:6,(anonymous_0)
FNF:1
FNH:1
FNDA:2,(anonymous_0)
DA:1,6
DA:2,6
DA:4,6
DA:6,6
DA:7,2
DA:8,2
DA:9,2
DA:13,2
DA:14,1
DA:16,1
DA:20,6
LF:11
LH:11
BRF:0
BRH:0
end_of_record
TN:
SF:routes\auth.js
FNF:0
FNH:0
DA:1,5
DA:2,5
DA:3,5
DA:4,5
DA:6,5
DA:7,5
DA:8,5
DA:11,5
DA:13,5
LF:9
LH:9
BRF:0
BRH:0
end_of_record
TN:
SF:routes\bookings.js
FNF:0
FNH:0
DA:1,5
DA:2,5
DA:3,5
DA:4,5
DA:5,5
DA:6,5
DA:8,5
DA:10,5
DA:11,5
DA:14,5
DA:15,5
DA:16,5
DA:17,5
DA:20,5
DA:22,5
LF:15
LH:15
BRF:0
BRH:0
end_of_record
TN:
SF:routes\courts.js
FNF:0
FNH:0
DA:1,5
DA:2,5
DA:3,5
DA:4,5
DA:5,5
DA:6,5
DA:9,5
DA:12,5
DA:15,5
DA:18,5
DA:21,5
DA:24,5
DA:27,5
DA:29,5
LF:14
LH:14
BRF:0
BRH:0
end_of_record
TN:
SF:routes\payments.js
FNF:0
FNH:0
DA:1,5
DA:2,5
DA:3,5
DA:4,5
DA:5,5
DA:13,5
DA:17,5
DA:18,5
DA:23,5
DA:25,5
LF:10
LH:10
BRF:0
BRH:0
end_of_record
TN:
SF:routes\public.js
FNF:0
FNH:0
DA:1,5
DA:2,5
DA:3,5
DA:4,5
DA:8,5
DA:10,5
DA:13,5
DA:15,5
LF:8
LH:8
BRF:0
BRH:0
end_of_record
